{"/home/guihigino/Documents/faculdade/3Semestre/PiI/FarmaFipp-project/controllers/LoteController.js": {"path":"/home/guihigino/Documents/faculdade/3Semestre/PiI/FarmaFipp-project/controllers/LoteController.js","statementMap":{"0":{"start":{"line":1,"column":21},"end":{"line":1,"column":54}},"1":{"start":{"line":2,"column":24},"end":{"line":2,"column":60}},"2":{"start":{"line":3,"column":18},"end":{"line":3,"column":48}},"3":{"start":{"line":8,"column":8},"end":{"line":17,"column":9}},"4":{"start":{"line":9,"column":26},"end":{"line":9,"column":44}},"5":{"start":{"line":10,"column":32},"end":{"line":10,"column":52}},"6":{"start":{"line":11,"column":29},"end":{"line":11,"column":50}},"7":{"start":{"line":12,"column":34},"end":{"line":12,"column":57}},"8":{"start":{"line":13,"column":12},"end":{"line":13,"column":129}},"9":{"start":{"line":15,"column":12},"end":{"line":15,"column":79}},"10":{"start":{"line":16,"column":12},"end":{"line":16,"column":101}},"11":{"start":{"line":21,"column":68},"end":{"line":21,"column":76}},"12":{"start":{"line":23,"column":8},"end":{"line":25,"column":9}},"13":{"start":{"line":24,"column":12},"end":{"line":24,"column":83}},"14":{"start":{"line":27,"column":23},"end":{"line":27,"column":47}},"15":{"start":{"line":28,"column":8},"end":{"line":30,"column":9}},"16":{"start":{"line":29,"column":12},"end":{"line":29,"column":89}},"17":{"start":{"line":32,"column":8},"end":{"line":34,"column":9}},"18":{"start":{"line":33,"column":12},"end":{"line":33,"column":88}},"19":{"start":{"line":36,"column":24},"end":{"line":36,"column":88}},"20":{"start":{"line":37,"column":8},"end":{"line":51,"column":9}},"21":{"start":{"line":38,"column":25},"end":{"line":38,"column":49}},"22":{"start":{"line":39,"column":12},"end":{"line":42,"column":13}},"23":{"start":{"line":41,"column":16},"end":{"line":41,"column":72}},"24":{"start":{"line":43,"column":12},"end":{"line":47,"column":13}},"25":{"start":{"line":44,"column":16},"end":{"line":44,"column":95}},"26":{"start":{"line":46,"column":16},"end":{"line":46,"column":93}},"27":{"start":{"line":49,"column":12},"end":{"line":49,"column":62}},"28":{"start":{"line":50,"column":12},"end":{"line":50,"column":97}},"29":{"start":{"line":55,"column":0},"end":{"line":55,"column":32}}},"fnMap":{"0":{"name":"(anonymous_0)","decl":{"start":{"line":7,"column":4},"end":{"line":7,"column":5}},"loc":{"start":{"line":7,"column":37},"end":{"line":18,"column":5}},"line":7},"1":{"name":"(anonymous_1)","decl":{"start":{"line":20,"column":4},"end":{"line":20,"column":5}},"loc":{"start":{"line":20,"column":33},"end":{"line":52,"column":5}},"line":20}},"branchMap":{"0":{"loc":{"start":{"line":23,"column":8},"end":{"line":25,"column":9}},"type":"if","locations":[{"start":{"line":23,"column":8},"end":{"line":25,"column":9}},{"start":{},"end":{}}],"line":23},"1":{"loc":{"start":{"line":23,"column":12},"end":{"line":23,"column":132}},"type":"binary-expr","locations":[{"start":{"line":23,"column":12},"end":{"line":23,"column":25}},{"start":{"line":23,"column":29},"end":{"line":23,"column":38}},{"start":{"line":23,"column":42},"end":{"line":23,"column":53}},{"start":{"line":23,"column":57},"end":{"line":23,"column":65}},{"start":{"line":23,"column":70},"end":{"line":23,"column":92}},{"start":{"line":23,"column":96},"end":{"line":23,"column":116}},{"start":{"line":23,"column":121},"end":{"line":23,"column":132}}],"line":23},"2":{"loc":{"start":{"line":28,"column":8},"end":{"line":30,"column":9}},"type":"if","locations":[{"start":{"line":28,"column":8},"end":{"line":30,"column":9}},{"start":{},"end":{}}],"line":28},"3":{"loc":{"start":{"line":28,"column":12},"end":{"line":28,"column":40}},"type":"binary-expr","locations":[{"start":{"line":28,"column":12},"end":{"line":28,"column":25}},{"start":{"line":28,"column":29},"end":{"line":28,"column":40}}],"line":28},"4":{"loc":{"start":{"line":32,"column":8},"end":{"line":34,"column":9}},"type":"if","locations":[{"start":{"line":32,"column":8},"end":{"line":34,"column":9}},{"start":{},"end":{}}],"line":32},"5":{"loc":{"start":{"line":39,"column":12},"end":{"line":42,"column":13}},"type":"if","locations":[{"start":{"line":39,"column":12},"end":{"line":42,"column":13}},{"start":{},"end":{}}],"line":39},"6":{"loc":{"start":{"line":43,"column":12},"end":{"line":47,"column":13}},"type":"if","locations":[{"start":{"line":43,"column":12},"end":{"line":47,"column":13}},{"start":{"line":45,"column":19},"end":{"line":47,"column":13}}],"line":43}},"s":{"0":1,"1":1,"2":1,"3":2,"4":2,"5":2,"6":1,"7":1,"8":1,"9":1,"10":1,"11":14,"12":14,"13":6,"14":8,"15":8,"16":3,"17":5,"18":1,"19":4,"20":4,"21":4,"22":3,"23":1,"24":2,"25":2,"26":0,"27":1,"28":1,"29":1},"f":{"0":2,"1":14},"b":{"0":[6,8],"1":[14,12,11,11,10,2,9],"2":[3,5],"3":[8,7],"4":[1,4],"5":[1,2],"6":[2,0]},"_coverageSchema":"1a1c01bbd47fc00a2c39e90264f33305004495a9","hash":"38641f89e0aefb5d8f53936e1334b94be9607ee1"}
,"/home/guihigino/Documents/faculdade/3Semestre/PiI/FarmaFipp-project/controllers/ProdutoController.js": {"path":"/home/guihigino/Documents/faculdade/3Semestre/PiI/FarmaFipp-project/controllers/ProdutoController.js","statementMap":{"0":{"start":{"line":1,"column":24},"end":{"line":1,"column":60}},"1":{"start":{"line":2,"column":21},"end":{"line":2,"column":54}},"2":{"start":{"line":3,"column":29},"end":{"line":3,"column":70}},"3":{"start":{"line":4,"column":18},"end":{"line":4,"column":48}},"4":{"start":{"line":5,"column":21},"end":{"line":5,"column":54}},"5":{"start":{"line":7,"column":11},"end":{"line":7,"column":24}},"6":{"start":{"line":10,"column":8},"end":{"line":21,"column":9}},"7":{"start":{"line":11,"column":27},"end":{"line":11,"column":45}},"8":{"start":{"line":12,"column":24},"end":{"line":12,"column":45}},"9":{"start":{"line":13,"column":28},"end":{"line":13,"column":46}},"10":{"start":{"line":14,"column":12},"end":{"line":14,"column":56}},"11":{"start":{"line":15,"column":23},"end":{"line":15,"column":38}},"12":{"start":{"line":16,"column":12},"end":{"line":16,"column":36}},"13":{"start":{"line":17,"column":12},"end":{"line":17,"column":90}},"14":{"start":{"line":19,"column":12},"end":{"line":19,"column":61}},"15":{"start":{"line":20,"column":12},"end":{"line":20,"column":81}},"16":{"start":{"line":25,"column":8},"end":{"line":34,"column":9}},"17":{"start":{"line":26,"column":29},"end":{"line":26,"column":50}},"18":{"start":{"line":27,"column":34},"end":{"line":27,"column":57}},"19":{"start":{"line":28,"column":26},"end":{"line":28,"column":44}},"20":{"start":{"line":29,"column":33},"end":{"line":29,"column":63}},"21":{"start":{"line":30,"column":12},"end":{"line":30,"column":128}},"22":{"start":{"line":32,"column":12},"end":{"line":32,"column":71}},"23":{"start":{"line":33,"column":12},"end":{"line":33,"column":93}},"24":{"start":{"line":38,"column":8},"end":{"line":70,"column":9}},"25":{"start":{"line":39,"column":27},"end":{"line":39,"column":37}},"26":{"start":{"line":41,"column":12},"end":{"line":43,"column":13}},"27":{"start":{"line":42,"column":16},"end":{"line":42,"column":96}},"28":{"start":{"line":45,"column":31},"end":{"line":45,"column":49}},"29":{"start":{"line":46,"column":26},"end":{"line":46,"column":52}},"30":{"start":{"line":48,"column":12},"end":{"line":50,"column":13}},"31":{"start":{"line":49,"column":16},"end":{"line":49,"column":91}},"32":{"start":{"line":52,"column":34},"end":{"line":52,"column":52}},"33":{"start":{"line":53,"column":29},"end":{"line":53,"column":67}},"34":{"start":{"line":55,"column":36},"end":{"line":55,"column":57}},"35":{"start":{"line":56,"column":31},"end":{"line":56,"column":61}},"36":{"start":{"line":58,"column":12},"end":{"line":66,"column":15}},"37":{"start":{"line":68,"column":12},"end":{"line":68,"column":83}},"38":{"start":{"line":69,"column":12},"end":{"line":69,"column":101}},"39":{"start":{"line":74,"column":8},"end":{"line":119,"column":9}},"40":{"start":{"line":75,"column":34},"end":{"line":75,"column":44}},"41":{"start":{"line":76,"column":12},"end":{"line":114,"column":13}},"42":{"start":{"line":77,"column":16},"end":{"line":77,"column":96}},"43":{"start":{"line":80,"column":35},"end":{"line":80,"column":53}},"44":{"start":{"line":81,"column":30},"end":{"line":81,"column":63}},"45":{"start":{"line":83,"column":16},"end":{"line":85,"column":17}},"46":{"start":{"line":84,"column":20},"end":{"line":84,"column":95}},"47":{"start":{"line":87,"column":16},"end":{"line":87,"column":44}},"48":{"start":{"line":88,"column":30},"end":{"line":88,"column":58}},"49":{"start":{"line":89,"column":39},"end":{"line":91,"column":26}},"50":{"start":{"line":90,"column":38},"end":{"line":90,"column":64}},"51":{"start":{"line":92,"column":31},"end":{"line":92,"column":76}},"52":{"start":{"line":95,"column":35},"end":{"line":95,"column":61}},"53":{"start":{"line":96,"column":30},"end":{"line":96,"column":80}},"54":{"start":{"line":98,"column":33},"end":{"line":106,"column":17}},"55":{"start":{"line":108,"column":16},"end":{"line":111,"column":17}},"56":{"start":{"line":109,"column":20},"end":{"line":109,"column":71}},"57":{"start":{"line":110,"column":20},"end":{"line":110,"column":69}},"58":{"start":{"line":113,"column":16},"end":{"line":113,"column":58}},"59":{"start":{"line":117,"column":12},"end":{"line":117,"column":59}},"60":{"start":{"line":118,"column":12},"end":{"line":118,"column":86}},"61":{"start":{"line":123,"column":85},"end":{"line":123,"column":93}},"62":{"start":{"line":124,"column":20},"end":{"line":124,"column":46}},"63":{"start":{"line":126,"column":8},"end":{"line":128,"column":9}},"64":{"start":{"line":127,"column":12},"end":{"line":127,"column":83}},"65":{"start":{"line":130,"column":25},"end":{"line":130,"column":42}},"66":{"start":{"line":131,"column":23},"end":{"line":131,"column":47}},"67":{"start":{"line":133,"column":8},"end":{"line":135,"column":9}},"68":{"start":{"line":134,"column":12},"end":{"line":134,"column":84}},"69":{"start":{"line":136,"column":8},"end":{"line":138,"column":9}},"70":{"start":{"line":137,"column":12},"end":{"line":137,"column":89}},"71":{"start":{"line":140,"column":22},"end":{"line":140,"column":126}},"72":{"start":{"line":141,"column":8},"end":{"line":162,"column":9}},"73":{"start":{"line":142,"column":25},"end":{"line":142,"column":47}},"74":{"start":{"line":143,"column":12},"end":{"line":158,"column":13}},"75":{"start":{"line":144,"column":30},"end":{"line":144,"column":48}},"76":{"start":{"line":145,"column":16},"end":{"line":145,"column":30}},"77":{"start":{"line":146,"column":16},"end":{"line":146,"column":37}},"78":{"start":{"line":147,"column":16},"end":{"line":147,"column":40}},"79":{"start":{"line":148,"column":16},"end":{"line":148,"column":62}},"80":{"start":{"line":149,"column":16},"end":{"line":149,"column":46}},"81":{"start":{"line":150,"column":16},"end":{"line":150,"column":38}},"82":{"start":{"line":151,"column":16},"end":{"line":151,"column":55}},"83":{"start":{"line":153,"column":16},"end":{"line":153,"column":47}},"84":{"start":{"line":155,"column":16},"end":{"line":155,"column":85}},"85":{"start":{"line":157,"column":16},"end":{"line":157,"column":84}},"86":{"start":{"line":160,"column":12},"end":{"line":160,"column":65}},"87":{"start":{"line":161,"column":12},"end":{"line":161,"column":100}},"88":{"start":{"line":166,"column":19},"end":{"line":166,"column":47}},"89":{"start":{"line":167,"column":8},"end":{"line":169,"column":9}},"90":{"start":{"line":168,"column":12},"end":{"line":168,"column":80}},"91":{"start":{"line":170,"column":8},"end":{"line":181,"column":9}},"92":{"start":{"line":171,"column":26},"end":{"line":171,"column":44}},"93":{"start":{"line":172,"column":25},"end":{"line":172,"column":49}},"94":{"start":{"line":173,"column":12},"end":{"line":177,"column":13}},"95":{"start":{"line":174,"column":16},"end":{"line":174,"column":85}},"96":{"start":{"line":176,"column":16},"end":{"line":176,"column":82}},"97":{"start":{"line":179,"column":12},"end":{"line":179,"column":63}},"98":{"start":{"line":180,"column":12},"end":{"line":180,"column":98}},"99":{"start":{"line":185,"column":8},"end":{"line":229,"column":9}},"100":{"start":{"line":186,"column":93},"end":{"line":186,"column":101}},"101":{"start":{"line":188,"column":12},"end":{"line":190,"column":13}},"102":{"start":{"line":189,"column":16},"end":{"line":189,"column":87}},"103":{"start":{"line":192,"column":29},"end":{"line":192,"column":46}},"104":{"start":{"line":193,"column":27},"end":{"line":193,"column":51}},"105":{"start":{"line":195,"column":12},"end":{"line":197,"column":13}},"106":{"start":{"line":196,"column":16},"end":{"line":196,"column":88}},"107":{"start":{"line":198,"column":12},"end":{"line":200,"column":13}},"108":{"start":{"line":199,"column":16},"end":{"line":199,"column":93}},"109":{"start":{"line":202,"column":26},"end":{"line":202,"column":123}},"110":{"start":{"line":203,"column":29},"end":{"line":203,"column":50}},"111":{"start":{"line":205,"column":12},"end":{"line":207,"column":13}},"112":{"start":{"line":206,"column":16},"end":{"line":206,"column":91}},"113":{"start":{"line":209,"column":12},"end":{"line":217,"column":13}},"114":{"start":{"line":210,"column":38},"end":{"line":210,"column":86}},"115":{"start":{"line":211,"column":16},"end":{"line":211,"column":48}},"116":{"start":{"line":213,"column":44},"end":{"line":213,"column":83}},"117":{"start":{"line":214,"column":16},"end":{"line":216,"column":17}},"118":{"start":{"line":215,"column":20},"end":{"line":215,"column":71}},"119":{"start":{"line":219,"column":25},"end":{"line":219,"column":47}},"120":{"start":{"line":221,"column":12},"end":{"line":223,"column":13}},"121":{"start":{"line":222,"column":16},"end":{"line":222,"column":84}},"122":{"start":{"line":225,"column":12},"end":{"line":225,"column":78}},"123":{"start":{"line":227,"column":12},"end":{"line":227,"column":63}},"124":{"start":{"line":228,"column":12},"end":{"line":228,"column":98}},"125":{"start":{"line":233,"column":0},"end":{"line":233,"column":35}}},"fnMap":{"0":{"name":"(anonymous_0)","decl":{"start":{"line":9,"column":4},"end":{"line":9,"column":5}},"loc":{"start":{"line":9,"column":27},"end":{"line":22,"column":5}},"line":9},"1":{"name":"(anonymous_1)","decl":{"start":{"line":24,"column":4},"end":{"line":24,"column":5}},"loc":{"start":{"line":24,"column":34},"end":{"line":35,"column":5}},"line":24},"2":{"name":"(anonymous_2)","decl":{"start":{"line":37,"column":4},"end":{"line":37,"column":5}},"loc":{"start":{"line":37,"column":32},"end":{"line":71,"column":5}},"line":37},"3":{"name":"(anonymous_3)","decl":{"start":{"line":73,"column":4},"end":{"line":73,"column":5}},"loc":{"start":{"line":73,"column":32},"end":{"line":120,"column":5}},"line":73},"4":{"name":"(anonymous_4)","decl":{"start":{"line":90,"column":33},"end":{"line":90,"column":34}},"loc":{"start":{"line":90,"column":38},"end":{"line":90,"column":64}},"line":90},"5":{"name":"(anonymous_5)","decl":{"start":{"line":122,"column":4},"end":{"line":122,"column":5}},"loc":{"start":{"line":122,"column":30},"end":{"line":163,"column":5}},"line":122},"6":{"name":"(anonymous_6)","decl":{"start":{"line":165,"column":4},"end":{"line":165,"column":5}},"loc":{"start":{"line":165,"column":28},"end":{"line":182,"column":5}},"line":165},"7":{"name":"(anonymous_7)","decl":{"start":{"line":184,"column":4},"end":{"line":184,"column":5}},"loc":{"start":{"line":184,"column":27},"end":{"line":230,"column":5}},"line":184}},"branchMap":{"0":{"loc":{"start":{"line":41,"column":12},"end":{"line":43,"column":13}},"type":"if","locations":[{"start":{"line":41,"column":12},"end":{"line":43,"column":13}},{"start":{},"end":{}}],"line":41},"1":{"loc":{"start":{"line":48,"column":12},"end":{"line":50,"column":13}},"type":"if","locations":[{"start":{"line":48,"column":12},"end":{"line":50,"column":13}},{"start":{},"end":{}}],"line":48},"2":{"loc":{"start":{"line":76,"column":12},"end":{"line":114,"column":13}},"type":"if","locations":[{"start":{"line":76,"column":12},"end":{"line":114,"column":13}},{"start":{"line":79,"column":16},"end":{"line":114,"column":13}}],"line":76},"3":{"loc":{"start":{"line":83,"column":16},"end":{"line":85,"column":17}},"type":"if","locations":[{"start":{"line":83,"column":16},"end":{"line":85,"column":17}},{"start":{},"end":{}}],"line":83},"4":{"loc":{"start":{"line":89,"column":39},"end":{"line":91,"column":26}},"type":"cond-expr","locations":[{"start":{"line":90,"column":22},"end":{"line":90,"column":77}},{"start":{"line":91,"column":22},"end":{"line":91,"column":26}}],"line":89},"5":{"loc":{"start":{"line":90,"column":22},"end":{"line":90,"column":77}},"type":"binary-expr","locations":[{"start":{"line":90,"column":22},"end":{"line":90,"column":65}},{"start":{"line":90,"column":69},"end":{"line":90,"column":77}}],"line":90},"6":{"loc":{"start":{"line":90,"column":45},"end":{"line":90,"column":59}},"type":"binary-expr","locations":[{"start":{"line":90,"column":45},"end":{"line":90,"column":54}},{"start":{"line":90,"column":58},"end":{"line":90,"column":59}}],"line":90},"7":{"loc":{"start":{"line":92,"column":31},"end":{"line":92,"column":76}},"type":"cond-expr","locations":[{"start":{"line":92,"column":48},"end":{"line":92,"column":69}},{"start":{"line":92,"column":72},"end":{"line":92,"column":76}}],"line":92},"8":{"loc":{"start":{"line":108,"column":16},"end":{"line":111,"column":17}},"type":"if","locations":[{"start":{"line":108,"column":16},"end":{"line":111,"column":17}},{"start":{},"end":{}}],"line":108},"9":{"loc":{"start":{"line":124,"column":20},"end":{"line":124,"column":46}},"type":"binary-expr","locations":[{"start":{"line":124,"column":20},"end":{"line":124,"column":38}},{"start":{"line":124,"column":42},"end":{"line":124,"column":46}}],"line":124},"10":{"loc":{"start":{"line":126,"column":8},"end":{"line":128,"column":9}},"type":"if","locations":[{"start":{"line":126,"column":8},"end":{"line":128,"column":9}},{"start":{},"end":{}}],"line":126},"11":{"loc":{"start":{"line":126,"column":12},"end":{"line":126,"column":119}},"type":"binary-expr","locations":[{"start":{"line":126,"column":12},"end":{"line":126,"column":25}},{"start":{"line":126,"column":29},"end":{"line":126,"column":47}},{"start":{"line":126,"column":51},"end":{"line":126,"column":57}},{"start":{"line":126,"column":61},"end":{"line":126,"column":72}},{"start":{"line":126,"column":76},"end":{"line":126,"column":90}},{"start":{"line":126,"column":94},"end":{"line":126,"column":104}},{"start":{"line":126,"column":108},"end":{"line":126,"column":119}}],"line":126},"12":{"loc":{"start":{"line":133,"column":8},"end":{"line":135,"column":9}},"type":"if","locations":[{"start":{"line":133,"column":8},"end":{"line":135,"column":9}},{"start":{},"end":{}}],"line":133},"13":{"loc":{"start":{"line":133,"column":12},"end":{"line":133,"column":44}},"type":"binary-expr","locations":[{"start":{"line":133,"column":12},"end":{"line":133,"column":27}},{"start":{"line":133,"column":31},"end":{"line":133,"column":44}}],"line":133},"14":{"loc":{"start":{"line":136,"column":8},"end":{"line":138,"column":9}},"type":"if","locations":[{"start":{"line":136,"column":8},"end":{"line":138,"column":9}},{"start":{},"end":{}}],"line":136},"15":{"loc":{"start":{"line":136,"column":12},"end":{"line":136,"column":40}},"type":"binary-expr","locations":[{"start":{"line":136,"column":12},"end":{"line":136,"column":25}},{"start":{"line":136,"column":29},"end":{"line":136,"column":40}}],"line":136},"16":{"loc":{"start":{"line":143,"column":12},"end":{"line":158,"column":13}},"type":"if","locations":[{"start":{"line":143,"column":12},"end":{"line":158,"column":13}},{"start":{"line":156,"column":19},"end":{"line":158,"column":13}}],"line":143},"17":{"loc":{"start":{"line":166,"column":19},"end":{"line":166,"column":47}},"type":"binary-expr","locations":[{"start":{"line":166,"column":19},"end":{"line":166,"column":32}},{"start":{"line":166,"column":36},"end":{"line":166,"column":47}}],"line":166},"18":{"loc":{"start":{"line":167,"column":8},"end":{"line":169,"column":9}},"type":"if","locations":[{"start":{"line":167,"column":8},"end":{"line":169,"column":9}},{"start":{},"end":{}}],"line":167},"19":{"loc":{"start":{"line":173,"column":12},"end":{"line":177,"column":13}},"type":"if","locations":[{"start":{"line":173,"column":12},"end":{"line":177,"column":13}},{"start":{"line":175,"column":19},"end":{"line":177,"column":13}}],"line":173},"20":{"loc":{"start":{"line":188,"column":12},"end":{"line":190,"column":13}},"type":"if","locations":[{"start":{"line":188,"column":12},"end":{"line":190,"column":13}},{"start":{},"end":{}}],"line":188},"21":{"loc":{"start":{"line":188,"column":15},"end":{"line":188,"column":129}},"type":"binary-expr","locations":[{"start":{"line":188,"column":15},"end":{"line":188,"column":18}},{"start":{"line":188,"column":22},"end":{"line":188,"column":35}},{"start":{"line":188,"column":39},"end":{"line":188,"column":57}},{"start":{"line":188,"column":61},"end":{"line":188,"column":67}},{"start":{"line":188,"column":71},"end":{"line":188,"column":82}},{"start":{"line":188,"column":86},"end":{"line":188,"column":100}},{"start":{"line":188,"column":104},"end":{"line":188,"column":114}},{"start":{"line":188,"column":118},"end":{"line":188,"column":129}}],"line":188},"22":{"loc":{"start":{"line":195,"column":12},"end":{"line":197,"column":13}},"type":"if","locations":[{"start":{"line":195,"column":12},"end":{"line":197,"column":13}},{"start":{},"end":{}}],"line":195},"23":{"loc":{"start":{"line":195,"column":16},"end":{"line":195,"column":48}},"type":"binary-expr","locations":[{"start":{"line":195,"column":16},"end":{"line":195,"column":31}},{"start":{"line":195,"column":35},"end":{"line":195,"column":48}}],"line":195},"24":{"loc":{"start":{"line":198,"column":12},"end":{"line":200,"column":13}},"type":"if","locations":[{"start":{"line":198,"column":12},"end":{"line":200,"column":13}},{"start":{},"end":{}}],"line":198},"25":{"loc":{"start":{"line":198,"column":16},"end":{"line":198,"column":44}},"type":"binary-expr","locations":[{"start":{"line":198,"column":16},"end":{"line":198,"column":29}},{"start":{"line":198,"column":33},"end":{"line":198,"column":44}}],"line":198},"26":{"loc":{"start":{"line":205,"column":12},"end":{"line":207,"column":13}},"type":"if","locations":[{"start":{"line":205,"column":12},"end":{"line":207,"column":13}},{"start":{},"end":{}}],"line":205},"27":{"loc":{"start":{"line":209,"column":12},"end":{"line":217,"column":13}},"type":"if","locations":[{"start":{"line":209,"column":12},"end":{"line":217,"column":13}},{"start":{},"end":{}}],"line":209},"28":{"loc":{"start":{"line":210,"column":38},"end":{"line":210,"column":86}},"type":"binary-expr","locations":[{"start":{"line":210,"column":38},"end":{"line":210,"column":60}},{"start":{"line":210,"column":64},"end":{"line":210,"column":86}}],"line":210},"29":{"loc":{"start":{"line":213,"column":45},"end":{"line":213,"column":65}},"type":"binary-expr","locations":[{"start":{"line":213,"column":45},"end":{"line":213,"column":59}},{"start":{"line":213,"column":63},"end":{"line":213,"column":65}}],"line":213},"30":{"loc":{"start":{"line":214,"column":16},"end":{"line":216,"column":17}},"type":"if","locations":[{"start":{"line":214,"column":16},"end":{"line":216,"column":17}},{"start":{},"end":{}}],"line":214},"31":{"loc":{"start":{"line":214,"column":19},"end":{"line":214,"column":92}},"type":"binary-expr","locations":[{"start":{"line":214,"column":19},"end":{"line":214,"column":38}},{"start":{"line":214,"column":42},"end":{"line":214,"column":92}}],"line":214},"32":{"loc":{"start":{"line":221,"column":12},"end":{"line":223,"column":13}},"type":"if","locations":[{"start":{"line":221,"column":12},"end":{"line":223,"column":13}},{"start":{},"end":{}}],"line":221}},"s":{"0":1,"1":1,"2":1,"3":1,"4":1,"5":1,"6":3,"7":3,"8":3,"9":2,"10":2,"11":2,"12":2,"13":2,"14":1,"15":1,"16":2,"17":2,"18":2,"19":1,"20":1,"21":1,"22":1,"23":1,"24":4,"25":4,"26":4,"27":1,"28":3,"29":3,"30":2,"31":1,"32":1,"33":1,"34":1,"35":1,"36":1,"37":1,"38":1,"39":6,"40":6,"41":6,"42":1,"43":5,"44":5,"45":4,"46":1,"47":3,"48":3,"49":3,"50":2,"51":3,"52":3,"53":3,"54":3,"55":3,"56":1,"57":1,"58":3,"59":1,"60":1,"61":15,"62":15,"63":15,"64":6,"65":9,"66":9,"67":9,"68":3,"69":6,"70":2,"71":4,"72":4,"73":4,"74":3,"75":2,"76":2,"77":2,"78":2,"79":2,"80":2,"81":2,"82":2,"83":2,"84":2,"85":1,"86":1,"87":1,"88":5,"89":5,"90":1,"91":4,"92":4,"93":4,"94":3,"95":2,"96":1,"97":1,"98":1,"99":10,"100":10,"101":10,"102":2,"103":8,"104":8,"105":8,"106":2,"107":6,"108":1,"109":5,"110":5,"111":4,"112":1,"113":3,"114":1,"115":1,"116":1,"117":1,"118":1,"119":3,"120":3,"121":2,"122":1,"123":1,"124":1,"125":1},"f":{"0":3,"1":2,"2":4,"3":6,"4":2,"5":15,"6":5,"7":10},"b":{"0":[1,3],"1":[1,1],"2":[1,5],"3":[1,3],"4":[3,0],"5":[3,1],"6":[2,0],"7":[2,1],"8":[1,2],"9":[15,14],"10":[6,9],"11":[15,13,12,12,12,11,10],"12":[3,6],"13":[9,8],"14":[2,4],"15":[6,6],"16":[2,1],"17":[5,4],"18":[1,4],"19":[2,1],"20":[2,8],"21":[10,9,8,8,8,8,8,8],"22":[2,6],"23":[8,8],"24":[1,5],"25":[6,6],"26":[1,3],"27":[1,2],"28":[1,1],"29":[1,0],"30":[1,0],"31":[1,1],"32":[2,1]},"_coverageSchema":"1a1c01bbd47fc00a2c39e90264f33305004495a9","hash":"1f2abb373702444bb1a76b3b1afdbfde06e90d63"}
,"/home/guihigino/Documents/faculdade/3Semestre/PiI/FarmaFipp-project/models/EstoqueModel.js": {"path":"/home/guihigino/Documents/faculdade/3Semestre/PiI/FarmaFipp-project/models/EstoqueModel.js","statementMap":{"0":{"start":{"line":1,"column":17},"end":{"line":1,"column":45}},"1":{"start":{"line":2,"column":12},"end":{"line":2,"column":26}},"2":{"start":{"line":14,"column":8},"end":{"line":14,"column":24}},"3":{"start":{"line":18,"column":8},"end":{"line":18,"column":25}},"4":{"start":{"line":22,"column":8},"end":{"line":22,"column":28}},"5":{"start":{"line":26,"column":8},"end":{"line":26,"column":29}},"6":{"start":{"line":30,"column":8},"end":{"line":30,"column":26}},"7":{"start":{"line":34,"column":8},"end":{"line":34,"column":27}},"8":{"start":{"line":38,"column":8},"end":{"line":38,"column":28}},"9":{"start":{"line":42,"column":8},"end":{"line":42,"column":29}},"10":{"start":{"line":46,"column":8},"end":{"line":46,"column":32}},"11":{"start":{"line":50,"column":8},"end":{"line":50,"column":33}},"12":{"start":{"line":54,"column":8},"end":{"line":54,"column":31}},"13":{"start":{"line":58,"column":8},"end":{"line":58,"column":32}},"14":{"start":{"line":62,"column":8},"end":{"line":62,"column":29}},"15":{"start":{"line":66,"column":8},"end":{"line":66,"column":30}},"16":{"start":{"line":70,"column":8},"end":{"line":70,"column":22}},"17":{"start":{"line":71,"column":8},"end":{"line":71,"column":30}},"18":{"start":{"line":72,"column":8},"end":{"line":72,"column":26}},"19":{"start":{"line":73,"column":8},"end":{"line":73,"column":30}},"20":{"start":{"line":74,"column":8},"end":{"line":74,"column":38}},"21":{"start":{"line":75,"column":8},"end":{"line":75,"column":36}},"22":{"start":{"line":76,"column":8},"end":{"line":76,"column":32}},"23":{"start":{"line":80,"column":18},"end":{"line":80,"column":119}},"24":{"start":{"line":82,"column":23},"end":{"line":82,"column":98}},"25":{"start":{"line":84,"column":21},"end":{"line":84,"column":72}},"26":{"start":{"line":85,"column":8},"end":{"line":85,"column":26}},"27":{"start":{"line":87,"column":8},"end":{"line":87,"column":22}},"28":{"start":{"line":91,"column":18},"end":{"line":91,"column":150}},"29":{"start":{"line":93,"column":19},"end":{"line":93,"column":50}},"30":{"start":{"line":95,"column":20},"end":{"line":95,"column":22}},"31":{"start":{"line":97,"column":8},"end":{"line":111,"column":10}},"32":{"start":{"line":98,"column":22},"end":{"line":106,"column":13}},"33":{"start":{"line":107,"column":12},"end":{"line":107,"column":63}},"34":{"start":{"line":108,"column":12},"end":{"line":108,"column":40}},"35":{"start":{"line":109,"column":12},"end":{"line":109,"column":48}},"36":{"start":{"line":110,"column":12},"end":{"line":110,"column":28}},"37":{"start":{"line":112,"column":8},"end":{"line":112,"column":21}},"38":{"start":{"line":116,"column":18},"end":{"line":116,"column":108}},"39":{"start":{"line":118,"column":21},"end":{"line":118,"column":79}},"40":{"start":{"line":120,"column":21},"end":{"line":120,"column":68}},"41":{"start":{"line":122,"column":8},"end":{"line":122,"column":22}},"42":{"start":{"line":126,"column":0},"end":{"line":126,"column":30}}},"fnMap":{"0":{"name":"(anonymous_0)","decl":{"start":{"line":13,"column":4},"end":{"line":13,"column":5}},"loc":{"start":{"line":13,"column":12},"end":{"line":15,"column":5}},"line":13},"1":{"name":"(anonymous_1)","decl":{"start":{"line":17,"column":4},"end":{"line":17,"column":5}},"loc":{"start":{"line":17,"column":17},"end":{"line":19,"column":5}},"line":17},"2":{"name":"(anonymous_2)","decl":{"start":{"line":21,"column":4},"end":{"line":21,"column":5}},"loc":{"start":{"line":21,"column":16},"end":{"line":23,"column":5}},"line":21},"3":{"name":"(anonymous_3)","decl":{"start":{"line":25,"column":4},"end":{"line":25,"column":5}},"loc":{"start":{"line":25,"column":21},"end":{"line":27,"column":5}},"line":25},"4":{"name":"(anonymous_4)","decl":{"start":{"line":29,"column":4},"end":{"line":29,"column":5}},"loc":{"start":{"line":29,"column":14},"end":{"line":31,"column":5}},"line":29},"5":{"name":"(anonymous_5)","decl":{"start":{"line":33,"column":4},"end":{"line":33,"column":5}},"loc":{"start":{"line":33,"column":19},"end":{"line":35,"column":5}},"line":33},"6":{"name":"(anonymous_6)","decl":{"start":{"line":37,"column":4},"end":{"line":37,"column":5}},"loc":{"start":{"line":37,"column":16},"end":{"line":39,"column":5}},"line":37},"7":{"name":"(anonymous_7)","decl":{"start":{"line":41,"column":4},"end":{"line":41,"column":5}},"loc":{"start":{"line":41,"column":21},"end":{"line":43,"column":5}},"line":41},"8":{"name":"(anonymous_8)","decl":{"start":{"line":45,"column":4},"end":{"line":45,"column":5}},"loc":{"start":{"line":45,"column":20},"end":{"line":47,"column":5}},"line":45},"9":{"name":"(anonymous_9)","decl":{"start":{"line":49,"column":4},"end":{"line":49,"column":5}},"loc":{"start":{"line":49,"column":25},"end":{"line":51,"column":5}},"line":49},"10":{"name":"(anonymous_10)","decl":{"start":{"line":53,"column":4},"end":{"line":53,"column":5}},"loc":{"start":{"line":53,"column":19},"end":{"line":55,"column":5}},"line":53},"11":{"name":"(anonymous_11)","decl":{"start":{"line":57,"column":4},"end":{"line":57,"column":5}},"loc":{"start":{"line":57,"column":24},"end":{"line":59,"column":5}},"line":57},"12":{"name":"(anonymous_12)","decl":{"start":{"line":61,"column":4},"end":{"line":61,"column":5}},"loc":{"start":{"line":61,"column":17},"end":{"line":63,"column":5}},"line":61},"13":{"name":"(anonymous_13)","decl":{"start":{"line":65,"column":4},"end":{"line":65,"column":5}},"loc":{"start":{"line":65,"column":22},"end":{"line":67,"column":5}},"line":65},"14":{"name":"(anonymous_14)","decl":{"start":{"line":69,"column":4},"end":{"line":69,"column":5}},"loc":{"start":{"line":69,"column":73},"end":{"line":77,"column":5}},"line":69},"15":{"name":"(anonymous_15)","decl":{"start":{"line":79,"column":4},"end":{"line":79,"column":5}},"loc":{"start":{"line":79,"column":26},"end":{"line":88,"column":5}},"line":79},"16":{"name":"(anonymous_16)","decl":{"start":{"line":90,"column":4},"end":{"line":90,"column":5}},"loc":{"start":{"line":90,"column":25},"end":{"line":113,"column":5}},"line":90},"17":{"name":"(anonymous_17)","decl":{"start":{"line":97,"column":21},"end":{"line":97,"column":22}},"loc":{"start":{"line":97,"column":27},"end":{"line":111,"column":9}},"line":97},"18":{"name":"(anonymous_18)","decl":{"start":{"line":115,"column":4},"end":{"line":115,"column":5}},"loc":{"start":{"line":115,"column":29},"end":{"line":123,"column":5}},"line":115}},"branchMap":{"0":{"loc":{"start":{"line":107,"column":26},"end":{"line":107,"column":62}},"type":"binary-expr","locations":[{"start":{"line":107,"column":26},"end":{"line":107,"column":38}},{"start":{"line":107,"column":42},"end":{"line":107,"column":54}},{"start":{"line":107,"column":58},"end":{"line":107,"column":62}}],"line":107}},"s":{"0":1,"1":1,"2":0,"3":2,"4":0,"5":2,"6":0,"7":2,"8":0,"9":2,"10":0,"11":2,"12":0,"13":2,"14":0,"15":2,"16":2,"17":2,"18":2,"19":2,"20":2,"21":2,"22":2,"23":2,"24":2,"25":2,"26":2,"27":2,"28":0,"29":0,"30":0,"31":0,"32":0,"33":0,"34":0,"35":0,"36":0,"37":0,"38":0,"39":0,"40":0,"41":0,"42":1},"f":{"0":0,"1":2,"2":0,"3":2,"4":0,"5":2,"6":0,"7":2,"8":0,"9":2,"10":0,"11":2,"12":0,"13":2,"14":2,"15":2,"16":0,"17":0,"18":0},"b":{"0":[0,0,0]},"_coverageSchema":"1a1c01bbd47fc00a2c39e90264f33305004495a9","hash":"6ae81726e59b0cb120d859b0689e1f6740e364b1"}
,"/home/guihigino/Documents/faculdade/3Semestre/PiI/FarmaFipp-project/models/FornecedorModel.js": {"path":"/home/guihigino/Documents/faculdade/3Semestre/PiI/FarmaFipp-project/models/FornecedorModel.js","statementMap":{"0":{"start":{"line":1,"column":17},"end":{"line":1,"column":45}},"1":{"start":{"line":10,"column":14},"end":{"line":10,"column":30}},"2":{"start":{"line":10,"column":48},"end":{"line":10,"column":65}},"3":{"start":{"line":11,"column":16},"end":{"line":11,"column":34}},"4":{"start":{"line":11,"column":54},"end":{"line":11,"column":73}},"5":{"start":{"line":12,"column":20},"end":{"line":12,"column":42}},"6":{"start":{"line":12,"column":66},"end":{"line":12,"column":89}},"7":{"start":{"line":13,"column":16},"end":{"line":13,"column":34}},"8":{"start":{"line":13,"column":54},"end":{"line":13,"column":73}},"9":{"start":{"line":14,"column":18},"end":{"line":14,"column":38}},"10":{"start":{"line":14,"column":60},"end":{"line":14,"column":81}},"11":{"start":{"line":19,"column":8},"end":{"line":19,"column":22}},"12":{"start":{"line":20,"column":8},"end":{"line":20,"column":26}},"13":{"start":{"line":21,"column":8},"end":{"line":21,"column":34}},"14":{"start":{"line":22,"column":8},"end":{"line":22,"column":26}},"15":{"start":{"line":23,"column":8},"end":{"line":23,"column":30}},"16":{"start":{"line":27,"column":20},"end":{"line":28,"column":28}},"17":{"start":{"line":29,"column":23},"end":{"line":29,"column":77}},"18":{"start":{"line":30,"column":23},"end":{"line":30,"column":37}},"19":{"start":{"line":31,"column":21},"end":{"line":31,"column":75}},"20":{"start":{"line":32,"column":8},"end":{"line":32,"column":22}},"21":{"start":{"line":36,"column":20},"end":{"line":36,"column":129}},"22":{"start":{"line":37,"column":23},"end":{"line":37,"column":27}},"23":{"start":{"line":38,"column":23},"end":{"line":38,"column":37}},"24":{"start":{"line":39,"column":19},"end":{"line":39,"column":61}},"25":{"start":{"line":40,"column":8},"end":{"line":58,"column":9}},"26":{"start":{"line":41,"column":29},"end":{"line":54,"column":13}},"27":{"start":{"line":55,"column":12},"end":{"line":55,"column":30}},"28":{"start":{"line":57,"column":12},"end":{"line":57,"column":25}},"29":{"start":{"line":62,"column":20},"end":{"line":62,"column":115}},"30":{"start":{"line":63,"column":23},"end":{"line":63,"column":73}},"31":{"start":{"line":64,"column":23},"end":{"line":64,"column":37}},"32":{"start":{"line":65,"column":21},"end":{"line":65,"column":71}},"33":{"start":{"line":66,"column":8},"end":{"line":66,"column":22}},"34":{"start":{"line":70,"column":20},"end":{"line":70,"column":66}},"35":{"start":{"line":71,"column":23},"end":{"line":71,"column":29}},"36":{"start":{"line":72,"column":23},"end":{"line":72,"column":37}},"37":{"start":{"line":73,"column":19},"end":{"line":73,"column":61}},"38":{"start":{"line":74,"column":8},"end":{"line":74,"column":20}},"39":{"start":{"line":78,"column":20},"end":{"line":78,"column":94}},"40":{"start":{"line":79,"column":23},"end":{"line":79,"column":29}},"41":{"start":{"line":80,"column":23},"end":{"line":80,"column":37}},"42":{"start":{"line":81,"column":19},"end":{"line":81,"column":61}},"43":{"start":{"line":82,"column":8},"end":{"line":82,"column":20}},"44":{"start":{"line":86,"column":20},"end":{"line":86,"column":113}},"45":{"start":{"line":87,"column":23},"end":{"line":87,"column":29}},"46":{"start":{"line":88,"column":23},"end":{"line":88,"column":37}},"47":{"start":{"line":89,"column":21},"end":{"line":89,"column":71}},"48":{"start":{"line":90,"column":8},"end":{"line":90,"column":22}},"49":{"start":{"line":94,"column":20},"end":{"line":94,"column":46}},"50":{"start":{"line":95,"column":23},"end":{"line":95,"column":37}},"51":{"start":{"line":96,"column":19},"end":{"line":96,"column":53}},"52":{"start":{"line":97,"column":27},"end":{"line":97,"column":29}},"53":{"start":{"line":98,"column":8},"end":{"line":107,"column":11}},"54":{"start":{"line":99,"column":12},"end":{"line":105,"column":14}},"55":{"start":{"line":106,"column":12},"end":{"line":106,"column":37}},"56":{"start":{"line":108,"column":8},"end":{"line":108,"column":28}},"57":{"start":{"line":113,"column":20},"end":{"line":113,"column":90}},"58":{"start":{"line":114,"column":23},"end":{"line":114,"column":27}},"59":{"start":{"line":115,"column":23},"end":{"line":115,"column":37}},"60":{"start":{"line":116,"column":21},"end":{"line":116,"column":71}},"61":{"start":{"line":117,"column":8},"end":{"line":117,"column":22}},"62":{"start":{"line":122,"column":0},"end":{"line":122,"column":33}}},"fnMap":{"0":{"name":"(anonymous_0)","decl":{"start":{"line":10,"column":4},"end":{"line":10,"column":5}},"loc":{"start":{"line":10,"column":12},"end":{"line":10,"column":32}},"line":10},"1":{"name":"(anonymous_1)","decl":{"start":{"line":10,"column":33},"end":{"line":10,"column":34}},"loc":{"start":{"line":10,"column":46},"end":{"line":10,"column":67}},"line":10},"2":{"name":"(anonymous_2)","decl":{"start":{"line":11,"column":4},"end":{"line":11,"column":5}},"loc":{"start":{"line":11,"column":14},"end":{"line":11,"column":36}},"line":11},"3":{"name":"(anonymous_3)","decl":{"start":{"line":11,"column":37},"end":{"line":11,"column":38}},"loc":{"start":{"line":11,"column":52},"end":{"line":11,"column":75}},"line":11},"4":{"name":"(anonymous_4)","decl":{"start":{"line":12,"column":4},"end":{"line":12,"column":5}},"loc":{"start":{"line":12,"column":18},"end":{"line":12,"column":44}},"line":12},"5":{"name":"(anonymous_5)","decl":{"start":{"line":12,"column":45},"end":{"line":12,"column":46}},"loc":{"start":{"line":12,"column":64},"end":{"line":12,"column":91}},"line":12},"6":{"name":"(anonymous_6)","decl":{"start":{"line":13,"column":4},"end":{"line":13,"column":5}},"loc":{"start":{"line":13,"column":14},"end":{"line":13,"column":36}},"line":13},"7":{"name":"(anonymous_7)","decl":{"start":{"line":13,"column":37},"end":{"line":13,"column":38}},"loc":{"start":{"line":13,"column":52},"end":{"line":13,"column":75}},"line":13},"8":{"name":"(anonymous_8)","decl":{"start":{"line":14,"column":4},"end":{"line":14,"column":5}},"loc":{"start":{"line":14,"column":16},"end":{"line":14,"column":40}},"line":14},"9":{"name":"(anonymous_9)","decl":{"start":{"line":14,"column":41},"end":{"line":14,"column":42}},"loc":{"start":{"line":14,"column":58},"end":{"line":14,"column":83}},"line":14},"10":{"name":"(anonymous_10)","decl":{"start":{"line":18,"column":4},"end":{"line":18,"column":5}},"loc":{"start":{"line":18,"column":49},"end":{"line":24,"column":5}},"line":18},"11":{"name":"(anonymous_11)","decl":{"start":{"line":26,"column":4},"end":{"line":26,"column":5}},"loc":{"start":{"line":26,"column":18},"end":{"line":33,"column":5}},"line":26},"12":{"name":"(anonymous_12)","decl":{"start":{"line":35,"column":4},"end":{"line":35,"column":5}},"loc":{"start":{"line":35,"column":17},"end":{"line":59,"column":5}},"line":35},"13":{"name":"(anonymous_13)","decl":{"start":{"line":61,"column":4},"end":{"line":61,"column":5}},"loc":{"start":{"line":61,"column":18},"end":{"line":67,"column":5}},"line":61},"14":{"name":"(anonymous_14)","decl":{"start":{"line":69,"column":4},"end":{"line":69,"column":5}},"loc":{"start":{"line":69,"column":30},"end":{"line":75,"column":5}},"line":69},"15":{"name":"(anonymous_15)","decl":{"start":{"line":77,"column":4},"end":{"line":77,"column":5}},"loc":{"start":{"line":77,"column":37},"end":{"line":83,"column":5}},"line":77},"16":{"name":"(anonymous_16)","decl":{"start":{"line":85,"column":4},"end":{"line":85,"column":5}},"loc":{"start":{"line":85,"column":31},"end":{"line":91,"column":5}},"line":85},"17":{"name":"(anonymous_17)","decl":{"start":{"line":93,"column":4},"end":{"line":93,"column":5}},"loc":{"start":{"line":93,"column":16},"end":{"line":109,"column":5}},"line":93},"18":{"name":"(anonymous_18)","decl":{"start":{"line":98,"column":21},"end":{"line":98,"column":22}},"loc":{"start":{"line":98,"column":30},"end":{"line":107,"column":9}},"line":98},"19":{"name":"(anonymous_19)","decl":{"start":{"line":111,"column":4},"end":{"line":111,"column":5}},"loc":{"start":{"line":111,"column":20},"end":{"line":118,"column":5}},"line":111}},"branchMap":{"0":{"loc":{"start":{"line":40,"column":8},"end":{"line":58,"column":9}},"type":"if","locations":[{"start":{"line":40,"column":8},"end":{"line":58,"column":9}},{"start":{"line":56,"column":15},"end":{"line":58,"column":9}}],"line":40}},"s":{"0":2,"1":0,"2":0,"3":0,"4":0,"5":0,"6":0,"7":0,"8":0,"9":0,"10":0,"11":8,"12":8,"13":8,"14":8,"15":8,"16":0,"17":0,"18":0,"19":0,"20":0,"21":0,"22":0,"23":0,"24":0,"25":0,"26":0,"27":0,"28":0,"29":0,"30":0,"31":0,"32":0,"33":0,"34":0,"35":0,"36":0,"37":0,"38":0,"39":0,"40":0,"41":0,"42":0,"43":0,"44":0,"45":0,"46":0,"47":0,"48":0,"49":4,"50":4,"51":4,"52":3,"53":3,"54":4,"55":4,"56":3,"57":0,"58":0,"59":0,"60":0,"61":0,"62":2},"f":{"0":0,"1":0,"2":0,"3":0,"4":0,"5":0,"6":0,"7":0,"8":0,"9":0,"10":8,"11":0,"12":0,"13":0,"14":0,"15":0,"16":0,"17":4,"18":4,"19":0},"b":{"0":[0,0]},"_coverageSchema":"1a1c01bbd47fc00a2c39e90264f33305004495a9","hash":"affd42e04bef3890c03bf1f2d6304124b070e745"}
,"/home/guihigino/Documents/faculdade/3Semestre/PiI/FarmaFipp-project/models/LoteModel.js": {"path":"/home/guihigino/Documents/faculdade/3Semestre/PiI/FarmaFipp-project/models/LoteModel.js","statementMap":{"0":{"start":{"line":1,"column":17},"end":{"line":1,"column":45}},"1":{"start":{"line":11,"column":15},"end":{"line":11,"column":31}},"2":{"start":{"line":11,"column":50},"end":{"line":11,"column":67}},"3":{"start":{"line":12,"column":20},"end":{"line":12,"column":41}},"4":{"start":{"line":12,"column":65},"end":{"line":12,"column":87}},"5":{"start":{"line":13,"column":21},"end":{"line":13,"column":43}},"6":{"start":{"line":13,"column":68},"end":{"line":13,"column":91}},"7":{"start":{"line":14,"column":23},"end":{"line":14,"column":47}},"8":{"start":{"line":14,"column":74},"end":{"line":14,"column":99}},"9":{"start":{"line":15,"column":20},"end":{"line":15,"column":41}},"10":{"start":{"line":15,"column":65},"end":{"line":15,"column":87}},"11":{"start":{"line":16,"column":21},"end":{"line":16,"column":43}},"12":{"start":{"line":16,"column":68},"end":{"line":16,"column":91}},"13":{"start":{"line":19,"column":8},"end":{"line":19,"column":22}},"14":{"start":{"line":20,"column":8},"end":{"line":20,"column":32}},"15":{"start":{"line":21,"column":8},"end":{"line":21,"column":34}},"16":{"start":{"line":22,"column":8},"end":{"line":22,"column":38}},"17":{"start":{"line":23,"column":8},"end":{"line":23,"column":32}},"18":{"start":{"line":24,"column":8},"end":{"line":24,"column":34}},"19":{"start":{"line":28,"column":22},"end":{"line":28,"column":36}},"20":{"start":{"line":29,"column":23},"end":{"line":29,"column":85}},"21":{"start":{"line":31,"column":8},"end":{"line":36,"column":9}},"22":{"start":{"line":32,"column":24},"end":{"line":32,"column":97}},"23":{"start":{"line":33,"column":27},"end":{"line":33,"column":37}},"24":{"start":{"line":34,"column":25},"end":{"line":34,"column":72}},"25":{"start":{"line":35,"column":12},"end":{"line":35,"column":38}},"26":{"start":{"line":35,"column":25},"end":{"line":35,"column":38}},"27":{"start":{"line":37,"column":8},"end":{"line":37,"column":20}},"28":{"start":{"line":40,"column":20},"end":{"line":40,"column":86}},"29":{"start":{"line":41,"column":23},"end":{"line":41,"column":42}},"30":{"start":{"line":42,"column":22},"end":{"line":42,"column":36}},"31":{"start":{"line":43,"column":22},"end":{"line":43,"column":69}},"32":{"start":{"line":44,"column":8},"end":{"line":44,"column":22}},"33":{"start":{"line":48,"column":28},"end":{"line":48,"column":91}},"34":{"start":{"line":49,"column":20},"end":{"line":49,"column":101}},"35":{"start":{"line":50,"column":23},"end":{"line":50,"column":86}},"36":{"start":{"line":51,"column":22},"end":{"line":51,"column":36}},"37":{"start":{"line":52,"column":22},"end":{"line":52,"column":73}},"38":{"start":{"line":53,"column":30},"end":{"line":53,"column":75}},"39":{"start":{"line":54,"column":33},"end":{"line":54,"column":81}},"40":{"start":{"line":55,"column":8},"end":{"line":57,"column":9}},"41":{"start":{"line":56,"column":12},"end":{"line":56,"column":56}},"42":{"start":{"line":58,"column":8},"end":{"line":58,"column":22}},"43":{"start":{"line":62,"column":20},"end":{"line":62,"column":40}},"44":{"start":{"line":63,"column":22},"end":{"line":63,"column":36}},"45":{"start":{"line":64,"column":19},"end":{"line":64,"column":50}},"46":{"start":{"line":65,"column":8},"end":{"line":78,"column":9}},"47":{"start":{"line":66,"column":12},"end":{"line":74,"column":15}},"48":{"start":{"line":67,"column":27},"end":{"line":67,"column":123}},"49":{"start":{"line":68,"column":16},"end":{"line":68,"column":37}},"50":{"start":{"line":69,"column":16},"end":{"line":69,"column":43}},"51":{"start":{"line":70,"column":16},"end":{"line":70,"column":49}},"52":{"start":{"line":71,"column":16},"end":{"line":71,"column":46}},"53":{"start":{"line":72,"column":16},"end":{"line":72,"column":43}},"54":{"start":{"line":73,"column":16},"end":{"line":73,"column":45}},"55":{"start":{"line":75,"column":12},"end":{"line":75,"column":24}},"56":{"start":{"line":77,"column":12},"end":{"line":77,"column":25}},"57":{"start":{"line":83,"column":30},"end":{"line":83,"column":48}},"58":{"start":{"line":85,"column":8},"end":{"line":87,"column":9}},"59":{"start":{"line":86,"column":12},"end":{"line":86,"column":25}},"60":{"start":{"line":89,"column":20},"end":{"line":89,"column":71}},"61":{"start":{"line":90,"column":23},"end":{"line":90,"column":33}},"62":{"start":{"line":91,"column":22},"end":{"line":91,"column":36}},"63":{"start":{"line":92,"column":21},"end":{"line":92,"column":60}},"64":{"start":{"line":94,"column":8},"end":{"line":96,"column":9}},"65":{"start":{"line":95,"column":12},"end":{"line":95,"column":25}},"66":{"start":{"line":98,"column":8},"end":{"line":98,"column":56}},"67":{"start":{"line":102,"column":30},"end":{"line":102,"column":48}},"68":{"start":{"line":104,"column":8},"end":{"line":106,"column":9}},"69":{"start":{"line":105,"column":12},"end":{"line":105,"column":25}},"70":{"start":{"line":108,"column":20},"end":{"line":108,"column":93}},"71":{"start":{"line":109,"column":23},"end":{"line":109,"column":63}},"72":{"start":{"line":110,"column":22},"end":{"line":110,"column":36}},"73":{"start":{"line":111,"column":23},"end":{"line":111,"column":62}},"74":{"start":{"line":113,"column":8},"end":{"line":113,"column":53}},"75":{"start":{"line":117,"column":30},"end":{"line":117,"column":48}},"76":{"start":{"line":119,"column":8},"end":{"line":121,"column":9}},"77":{"start":{"line":120,"column":12},"end":{"line":120,"column":25}},"78":{"start":{"line":123,"column":20},"end":{"line":123,"column":76}},"79":{"start":{"line":124,"column":23},"end":{"line":124,"column":48}},"80":{"start":{"line":125,"column":22},"end":{"line":125,"column":36}},"81":{"start":{"line":126,"column":23},"end":{"line":126,"column":62}},"82":{"start":{"line":128,"column":8},"end":{"line":128,"column":53}},"83":{"start":{"line":132,"column":0},"end":{"line":132,"column":27}}},"fnMap":{"0":{"name":"(anonymous_0)","decl":{"start":{"line":11,"column":4},"end":{"line":11,"column":5}},"loc":{"start":{"line":11,"column":13},"end":{"line":11,"column":33}},"line":11},"1":{"name":"(anonymous_1)","decl":{"start":{"line":11,"column":34},"end":{"line":11,"column":35}},"loc":{"start":{"line":11,"column":48},"end":{"line":11,"column":69}},"line":11},"2":{"name":"(anonymous_2)","decl":{"start":{"line":12,"column":4},"end":{"line":12,"column":5}},"loc":{"start":{"line":12,"column":18},"end":{"line":12,"column":43}},"line":12},"3":{"name":"(anonymous_3)","decl":{"start":{"line":12,"column":44},"end":{"line":12,"column":45}},"loc":{"start":{"line":12,"column":63},"end":{"line":12,"column":89}},"line":12},"4":{"name":"(anonymous_4)","decl":{"start":{"line":13,"column":4},"end":{"line":13,"column":5}},"loc":{"start":{"line":13,"column":19},"end":{"line":13,"column":45}},"line":13},"5":{"name":"(anonymous_5)","decl":{"start":{"line":13,"column":46},"end":{"line":13,"column":47}},"loc":{"start":{"line":13,"column":66},"end":{"line":13,"column":93}},"line":13},"6":{"name":"(anonymous_6)","decl":{"start":{"line":14,"column":4},"end":{"line":14,"column":5}},"loc":{"start":{"line":14,"column":21},"end":{"line":14,"column":49}},"line":14},"7":{"name":"(anonymous_7)","decl":{"start":{"line":14,"column":50},"end":{"line":14,"column":51}},"loc":{"start":{"line":14,"column":72},"end":{"line":14,"column":101}},"line":14},"8":{"name":"(anonymous_8)","decl":{"start":{"line":15,"column":4},"end":{"line":15,"column":5}},"loc":{"start":{"line":15,"column":18},"end":{"line":15,"column":43}},"line":15},"9":{"name":"(anonymous_9)","decl":{"start":{"line":15,"column":44},"end":{"line":15,"column":45}},"loc":{"start":{"line":15,"column":63},"end":{"line":15,"column":89}},"line":15},"10":{"name":"(anonymous_10)","decl":{"start":{"line":16,"column":4},"end":{"line":16,"column":5}},"loc":{"start":{"line":16,"column":19},"end":{"line":16,"column":45}},"line":16},"11":{"name":"(anonymous_11)","decl":{"start":{"line":16,"column":46},"end":{"line":16,"column":47}},"loc":{"start":{"line":16,"column":66},"end":{"line":16,"column":93}},"line":16},"12":{"name":"(anonymous_12)","decl":{"start":{"line":18,"column":4},"end":{"line":18,"column":5}},"loc":{"start":{"line":18,"column":70},"end":{"line":25,"column":5}},"line":18},"13":{"name":"(anonymous_13)","decl":{"start":{"line":47,"column":4},"end":{"line":47,"column":5}},"loc":{"start":{"line":47,"column":19},"end":{"line":59,"column":5}},"line":47},"14":{"name":"(anonymous_14)","decl":{"start":{"line":61,"column":4},"end":{"line":61,"column":5}},"loc":{"start":{"line":61,"column":17},"end":{"line":80,"column":5}},"line":61},"15":{"name":"(anonymous_15)","decl":{"start":{"line":66,"column":25},"end":{"line":66,"column":26}},"loc":{"start":{"line":66,"column":32},"end":{"line":74,"column":13}},"line":66},"16":{"name":"(anonymous_16)","decl":{"start":{"line":82,"column":4},"end":{"line":82,"column":5}},"loc":{"start":{"line":82,"column":40},"end":{"line":99,"column":5}},"line":82},"17":{"name":"(anonymous_17)","decl":{"start":{"line":101,"column":4},"end":{"line":101,"column":5}},"loc":{"start":{"line":101,"column":36},"end":{"line":114,"column":5}},"line":101},"18":{"name":"(anonymous_18)","decl":{"start":{"line":116,"column":4},"end":{"line":116,"column":5}},"loc":{"start":{"line":116,"column":36},"end":{"line":129,"column":5}},"line":116}},"branchMap":{"0":{"loc":{"start":{"line":29,"column":23},"end":{"line":29,"column":85}},"type":"cond-expr","locations":[{"start":{"line":29,"column":54},"end":{"line":29,"column":67}},{"start":{"line":29,"column":70},"end":{"line":29,"column":85}}],"line":29},"1":{"loc":{"start":{"line":35,"column":12},"end":{"line":35,"column":38}},"type":"if","locations":[{"start":{"line":35,"column":12},"end":{"line":35,"column":38}},{"start":{},"end":{}}],"line":35},"2":{"loc":{"start":{"line":48,"column":28},"end":{"line":48,"column":91}},"type":"cond-expr","locations":[{"start":{"line":48,"column":59},"end":{"line":48,"column":75}},{"start":{"line":48,"column":78},"end":{"line":48,"column":91}}],"line":48},"3":{"loc":{"start":{"line":55,"column":8},"end":{"line":57,"column":9}},"type":"if","locations":[{"start":{"line":55,"column":8},"end":{"line":57,"column":9}},{"start":{},"end":{}}],"line":55},"4":{"loc":{"start":{"line":55,"column":11},"end":{"line":55,"column":50}},"type":"binary-expr","locations":[{"start":{"line":55,"column":11},"end":{"line":55,"column":27}},{"start":{"line":55,"column":31},"end":{"line":55,"column":50}}],"line":55},"5":{"loc":{"start":{"line":65,"column":8},"end":{"line":78,"column":9}},"type":"if","locations":[{"start":{"line":65,"column":8},"end":{"line":78,"column":9}},{"start":{"line":76,"column":15},"end":{"line":78,"column":9}}],"line":65},"6":{"loc":{"start":{"line":85,"column":8},"end":{"line":87,"column":9}},"type":"if","locations":[{"start":{"line":85,"column":8},"end":{"line":87,"column":9}},{"start":{},"end":{}}],"line":85},"7":{"loc":{"start":{"line":85,"column":12},"end":{"line":85,"column":74}},"type":"binary-expr","locations":[{"start":{"line":85,"column":12},"end":{"line":85,"column":21}},{"start":{"line":85,"column":25},"end":{"line":85,"column":52}},{"start":{"line":85,"column":56},"end":{"line":85,"column":74}}],"line":85},"8":{"loc":{"start":{"line":94,"column":8},"end":{"line":96,"column":9}},"type":"if","locations":[{"start":{"line":94,"column":8},"end":{"line":96,"column":9}},{"start":{},"end":{}}],"line":94},"9":{"loc":{"start":{"line":94,"column":12},"end":{"line":94,"column":33}},"type":"binary-expr","locations":[{"start":{"line":94,"column":12},"end":{"line":94,"column":17}},{"start":{"line":94,"column":21},"end":{"line":94,"column":33}}],"line":94},"10":{"loc":{"start":{"line":104,"column":8},"end":{"line":106,"column":9}},"type":"if","locations":[{"start":{"line":104,"column":8},"end":{"line":106,"column":9}},{"start":{},"end":{}}],"line":104},"11":{"loc":{"start":{"line":104,"column":12},"end":{"line":104,"column":74}},"type":"binary-expr","locations":[{"start":{"line":104,"column":12},"end":{"line":104,"column":21}},{"start":{"line":104,"column":25},"end":{"line":104,"column":52}},{"start":{"line":104,"column":56},"end":{"line":104,"column":74}}],"line":104},"12":{"loc":{"start":{"line":113,"column":18},"end":{"line":113,"column":51}},"type":"binary-expr","locations":[{"start":{"line":113,"column":18},"end":{"line":113,"column":24}},{"start":{"line":113,"column":28},"end":{"line":113,"column":51}}],"line":113},"13":{"loc":{"start":{"line":119,"column":8},"end":{"line":121,"column":9}},"type":"if","locations":[{"start":{"line":119,"column":8},"end":{"line":121,"column":9}},{"start":{},"end":{}}],"line":119},"14":{"loc":{"start":{"line":119,"column":12},"end":{"line":119,"column":74}},"type":"binary-expr","locations":[{"start":{"line":119,"column":12},"end":{"line":119,"column":21}},{"start":{"line":119,"column":25},"end":{"line":119,"column":52}},{"start":{"line":119,"column":56},"end":{"line":119,"column":74}}],"line":119},"15":{"loc":{"start":{"line":128,"column":18},"end":{"line":128,"column":51}},"type":"binary-expr","locations":[{"start":{"line":128,"column":18},"end":{"line":128,"column":24}},{"start":{"line":128,"column":28},"end":{"line":128,"column":51}}],"line":128}},"s":{"0":2,"1":0,"2":1,"3":0,"4":1,"5":0,"6":1,"7":0,"8":1,"9":0,"10":1,"11":0,"12":1,"13":7,"14":7,"15":7,"16":7,"17":7,"18":7,"19":3,"20":3,"21":3,"22":4,"23":4,"24":4,"25":4,"26":1,"27":2,"28":3,"29":3,"30":3,"31":3,"32":3,"33":4,"34":4,"35":4,"36":4,"37":4,"38":3,"39":3,"40":3,"41":1,"42":2,"43":2,"44":2,"45":2,"46":2,"47":1,"48":1,"49":1,"50":1,"51":1,"52":1,"53":1,"54":1,"55":1,"56":1,"57":0,"58":0,"59":0,"60":0,"61":0,"62":0,"63":0,"64":0,"65":0,"66":0,"67":0,"68":0,"69":0,"70":0,"71":0,"72":0,"73":0,"74":0,"75":0,"76":0,"77":0,"78":0,"79":0,"80":0,"81":0,"82":0,"83":2},"f":{"0":0,"1":1,"2":0,"3":1,"4":0,"5":1,"6":0,"7":1,"8":0,"9":1,"10":0,"11":1,"12":7,"13":4,"14":2,"15":1,"16":0,"17":0,"18":0},"b":{"0":[1,2],"1":[1,3],"2":[1,3],"3":[1,2],"4":[3,2],"5":[1,1],"6":[0,0],"7":[0,0,0],"8":[0,0],"9":[0,0],"10":[0,0],"11":[0,0,0],"12":[0,0],"13":[0,0],"14":[0,0,0],"15":[0,0]},"_coverageSchema":"1a1c01bbd47fc00a2c39e90264f33305004495a9","hash":"36f9f788b825e0063955206cf1759f03fe63325e"}
,"/home/guihigino/Documents/faculdade/3Semestre/PiI/FarmaFipp-project/models/ProdutoModel.js": {"path":"/home/guihigino/Documents/faculdade/3Semestre/PiI/FarmaFipp-project/models/ProdutoModel.js","statementMap":{"0":{"start":{"line":1,"column":17},"end":{"line":1,"column":45}},"1":{"start":{"line":2,"column":11},"end":{"line":2,"column":24}},"2":{"start":{"line":18,"column":15},"end":{"line":18,"column":31}},"3":{"start":{"line":18,"column":50},"end":{"line":18,"column":67}},"4":{"start":{"line":19,"column":17},"end":{"line":19,"column":35}},"5":{"start":{"line":19,"column":56},"end":{"line":19,"column":75}},"6":{"start":{"line":20,"column":22},"end":{"line":20,"column":45}},"7":{"start":{"line":20,"column":71},"end":{"line":20,"column":95}},"8":{"start":{"line":21,"column":21},"end":{"line":21,"column":43}},"9":{"start":{"line":21,"column":68},"end":{"line":21,"column":91}},"10":{"start":{"line":22,"column":18},"end":{"line":22,"column":37}},"11":{"start":{"line":22,"column":59},"end":{"line":22,"column":79}},"12":{"start":{"line":23,"column":23},"end":{"line":23,"column":47}},"13":{"start":{"line":23,"column":74},"end":{"line":23,"column":99}},"14":{"start":{"line":24,"column":22},"end":{"line":24,"column":45}},"15":{"start":{"line":24,"column":71},"end":{"line":24,"column":95}},"16":{"start":{"line":25,"column":23},"end":{"line":25,"column":47}},"17":{"start":{"line":25,"column":74},"end":{"line":25,"column":99}},"18":{"start":{"line":26,"column":18},"end":{"line":26,"column":37}},"19":{"start":{"line":26,"column":59},"end":{"line":26,"column":79}},"20":{"start":{"line":27,"column":17},"end":{"line":27,"column":35}},"21":{"start":{"line":27,"column":56},"end":{"line":27,"column":75}},"22":{"start":{"line":28,"column":20},"end":{"line":28,"column":41}},"23":{"start":{"line":28,"column":65},"end":{"line":28,"column":87}},"24":{"start":{"line":29,"column":16},"end":{"line":29,"column":33}},"25":{"start":{"line":29,"column":53},"end":{"line":29,"column":71}},"26":{"start":{"line":33,"column":8},"end":{"line":33,"column":22}},"27":{"start":{"line":34,"column":8},"end":{"line":34,"column":26}},"28":{"start":{"line":35,"column":8},"end":{"line":35,"column":36}},"29":{"start":{"line":36,"column":8},"end":{"line":36,"column":34}},"30":{"start":{"line":37,"column":8},"end":{"line":37,"column":28}},"31":{"start":{"line":38,"column":8},"end":{"line":38,"column":38}},"32":{"start":{"line":39,"column":8},"end":{"line":39,"column":36}},"33":{"start":{"line":40,"column":8},"end":{"line":40,"column":38}},"34":{"start":{"line":41,"column":8},"end":{"line":41,"column":28}},"35":{"start":{"line":42,"column":8},"end":{"line":42,"column":26}},"36":{"start":{"line":43,"column":8},"end":{"line":43,"column":24}},"37":{"start":{"line":44,"column":8},"end":{"line":44,"column":32}},"38":{"start":{"line":48,"column":20},"end":{"line":55,"column":54}},"39":{"start":{"line":56,"column":22},"end":{"line":56,"column":36}},"40":{"start":{"line":57,"column":25},"end":{"line":57,"column":27}},"41":{"start":{"line":58,"column":19},"end":{"line":58,"column":50}},"42":{"start":{"line":59,"column":8},"end":{"line":64,"column":9}},"43":{"start":{"line":59,"column":41},"end":{"line":59,"column":54}},"44":{"start":{"line":61,"column":12},"end":{"line":63,"column":14}},"45":{"start":{"line":62,"column":16},"end":{"line":62,"column":74}},"46":{"start":{"line":65,"column":28},"end":{"line":65,"column":145}},"47":{"start":{"line":66,"column":8},"end":{"line":70,"column":9}},"48":{"start":{"line":68,"column":25},"end":{"line":68,"column":56}},"49":{"start":{"line":69,"column":12},"end":{"line":69,"column":68}},"50":{"start":{"line":71,"column":8},"end":{"line":71,"column":20}},"51":{"start":{"line":75,"column":20},"end":{"line":75,"column":173}},"52":{"start":{"line":76,"column":23},"end":{"line":76,"column":143}},"53":{"start":{"line":77,"column":22},"end":{"line":77,"column":36}},"54":{"start":{"line":78,"column":22},"end":{"line":78,"column":73}},"55":{"start":{"line":79,"column":8},"end":{"line":79,"column":22}},"56":{"start":{"line":83,"column":20},"end":{"line":83,"column":45}},"57":{"start":{"line":84,"column":22},"end":{"line":84,"column":36}},"58":{"start":{"line":85,"column":8},"end":{"line":85,"column":45}},"59":{"start":{"line":86,"column":22},"end":{"line":86,"column":53}},"60":{"start":{"line":87,"column":8},"end":{"line":87,"column":22}},"61":{"start":{"line":91,"column":20},"end":{"line":93,"column":52}},"62":{"start":{"line":94,"column":23},"end":{"line":94,"column":33}},"63":{"start":{"line":95,"column":22},"end":{"line":95,"column":36}},"64":{"start":{"line":96,"column":21},"end":{"line":96,"column":60}},"65":{"start":{"line":97,"column":8},"end":{"line":97,"column":22}},"66":{"start":{"line":102,"column":20},"end":{"line":108,"column":69}},"67":{"start":{"line":109,"column":22},"end":{"line":109,"column":36}},"68":{"start":{"line":110,"column":21},"end":{"line":110,"column":52}},"69":{"start":{"line":111,"column":20},"end":{"line":111,"column":22}},"70":{"start":{"line":112,"column":8},"end":{"line":135,"column":9}},"71":{"start":{"line":112,"column":18},"end":{"line":112,"column":19}},"72":{"start":{"line":114,"column":25},"end":{"line":114,"column":60}},"73":{"start":{"line":116,"column":12},"end":{"line":118,"column":13}},"74":{"start":{"line":117,"column":16},"end":{"line":117,"column":64}},"75":{"start":{"line":120,"column":27},"end":{"line":133,"column":13}},"76":{"start":{"line":134,"column":12},"end":{"line":134,"column":32}},"77":{"start":{"line":136,"column":8},"end":{"line":136,"column":20}},"78":{"start":{"line":140,"column":20},"end":{"line":140,"column":108}},"79":{"start":{"line":142,"column":21},"end":{"line":142,"column":25}},"80":{"start":{"line":143,"column":22},"end":{"line":143,"column":36}},"81":{"start":{"line":145,"column":19},"end":{"line":145,"column":58}},"82":{"start":{"line":147,"column":8},"end":{"line":176,"column":9}},"83":{"start":{"line":148,"column":34},"end":{"line":148,"column":82}},"84":{"start":{"line":149,"column":40},"end":{"line":149,"column":88}},"85":{"start":{"line":150,"column":22},"end":{"line":150,"column":24}},"86":{"start":{"line":151,"column":26},"end":{"line":151,"column":30}},"87":{"start":{"line":153,"column":12},"end":{"line":174,"column":14}},"88":{"start":{"line":154,"column":16},"end":{"line":159,"column":17}},"89":{"start":{"line":155,"column":20},"end":{"line":155,"column":59}},"90":{"start":{"line":158,"column":20},"end":{"line":158,"column":61}},"91":{"start":{"line":161,"column":16},"end":{"line":173,"column":17}},"92":{"start":{"line":175,"column":12},"end":{"line":175,"column":27}},"93":{"start":{"line":178,"column":8},"end":{"line":178,"column":21}},"94":{"start":{"line":182,"column":18},"end":{"line":182,"column":153}},"95":{"start":{"line":183,"column":21},"end":{"line":183,"column":129}},"96":{"start":{"line":185,"column":8},"end":{"line":188,"column":9}},"97":{"start":{"line":186,"column":12},"end":{"line":186,"column":35}},"98":{"start":{"line":187,"column":12},"end":{"line":187,"column":35}},"99":{"start":{"line":190,"column":8},"end":{"line":190,"column":38}},"100":{"start":{"line":191,"column":8},"end":{"line":191,"column":30}},"101":{"start":{"line":193,"column":22},"end":{"line":193,"column":36}},"102":{"start":{"line":195,"column":8},"end":{"line":195,"column":55}},"103":{"start":{"line":199,"column":18},"end":{"line":199,"column":82}},"104":{"start":{"line":200,"column":21},"end":{"line":200,"column":25}},"105":{"start":{"line":201,"column":22},"end":{"line":201,"column":36}},"106":{"start":{"line":202,"column":8},"end":{"line":202,"column":55}},"107":{"start":{"line":206,"column":23},"end":{"line":206,"column":46}},"108":{"start":{"line":207,"column":8},"end":{"line":209,"column":9}},"109":{"start":{"line":208,"column":12},"end":{"line":208,"column":25}},"110":{"start":{"line":211,"column":20},"end":{"line":216,"column":38}},"111":{"start":{"line":217,"column":23},"end":{"line":217,"column":50}},"112":{"start":{"line":218,"column":22},"end":{"line":218,"column":36}},"113":{"start":{"line":220,"column":8},"end":{"line":220,"column":63}},"114":{"start":{"line":224,"column":8},"end":{"line":237,"column":9}},"115":{"start":{"line":241,"column":0},"end":{"line":241,"column":30}}},"fnMap":{"0":{"name":"(anonymous_0)","decl":{"start":{"line":18,"column":4},"end":{"line":18,"column":5}},"loc":{"start":{"line":18,"column":13},"end":{"line":18,"column":33}},"line":18},"1":{"name":"(anonymous_1)","decl":{"start":{"line":18,"column":34},"end":{"line":18,"column":35}},"loc":{"start":{"line":18,"column":48},"end":{"line":18,"column":69}},"line":18},"2":{"name":"(anonymous_2)","decl":{"start":{"line":19,"column":4},"end":{"line":19,"column":5}},"loc":{"start":{"line":19,"column":15},"end":{"line":19,"column":37}},"line":19},"3":{"name":"(anonymous_3)","decl":{"start":{"line":19,"column":38},"end":{"line":19,"column":39}},"loc":{"start":{"line":19,"column":54},"end":{"line":19,"column":77}},"line":19},"4":{"name":"(anonymous_4)","decl":{"start":{"line":20,"column":4},"end":{"line":20,"column":5}},"loc":{"start":{"line":20,"column":20},"end":{"line":20,"column":47}},"line":20},"5":{"name":"(anonymous_5)","decl":{"start":{"line":20,"column":48},"end":{"line":20,"column":49}},"loc":{"start":{"line":20,"column":69},"end":{"line":20,"column":97}},"line":20},"6":{"name":"(anonymous_6)","decl":{"start":{"line":21,"column":4},"end":{"line":21,"column":5}},"loc":{"start":{"line":21,"column":19},"end":{"line":21,"column":45}},"line":21},"7":{"name":"(anonymous_7)","decl":{"start":{"line":21,"column":46},"end":{"line":21,"column":47}},"loc":{"start":{"line":21,"column":66},"end":{"line":21,"column":93}},"line":21},"8":{"name":"(anonymous_8)","decl":{"start":{"line":22,"column":4},"end":{"line":22,"column":5}},"loc":{"start":{"line":22,"column":16},"end":{"line":22,"column":39}},"line":22},"9":{"name":"(anonymous_9)","decl":{"start":{"line":22,"column":40},"end":{"line":22,"column":41}},"loc":{"start":{"line":22,"column":57},"end":{"line":22,"column":81}},"line":22},"10":{"name":"(anonymous_10)","decl":{"start":{"line":23,"column":4},"end":{"line":23,"column":5}},"loc":{"start":{"line":23,"column":21},"end":{"line":23,"column":49}},"line":23},"11":{"name":"(anonymous_11)","decl":{"start":{"line":23,"column":50},"end":{"line":23,"column":51}},"loc":{"start":{"line":23,"column":72},"end":{"line":23,"column":101}},"line":23},"12":{"name":"(anonymous_12)","decl":{"start":{"line":24,"column":4},"end":{"line":24,"column":5}},"loc":{"start":{"line":24,"column":20},"end":{"line":24,"column":47}},"line":24},"13":{"name":"(anonymous_13)","decl":{"start":{"line":24,"column":48},"end":{"line":24,"column":49}},"loc":{"start":{"line":24,"column":69},"end":{"line":24,"column":97}},"line":24},"14":{"name":"(anonymous_14)","decl":{"start":{"line":25,"column":4},"end":{"line":25,"column":5}},"loc":{"start":{"line":25,"column":21},"end":{"line":25,"column":49}},"line":25},"15":{"name":"(anonymous_15)","decl":{"start":{"line":25,"column":50},"end":{"line":25,"column":51}},"loc":{"start":{"line":25,"column":72},"end":{"line":25,"column":101}},"line":25},"16":{"name":"(anonymous_16)","decl":{"start":{"line":26,"column":4},"end":{"line":26,"column":5}},"loc":{"start":{"line":26,"column":16},"end":{"line":26,"column":39}},"line":26},"17":{"name":"(anonymous_17)","decl":{"start":{"line":26,"column":40},"end":{"line":26,"column":41}},"loc":{"start":{"line":26,"column":57},"end":{"line":26,"column":81}},"line":26},"18":{"name":"(anonymous_18)","decl":{"start":{"line":27,"column":4},"end":{"line":27,"column":5}},"loc":{"start":{"line":27,"column":15},"end":{"line":27,"column":37}},"line":27},"19":{"name":"(anonymous_19)","decl":{"start":{"line":27,"column":38},"end":{"line":27,"column":39}},"loc":{"start":{"line":27,"column":54},"end":{"line":27,"column":77}},"line":27},"20":{"name":"(anonymous_20)","decl":{"start":{"line":28,"column":4},"end":{"line":28,"column":5}},"loc":{"start":{"line":28,"column":18},"end":{"line":28,"column":43}},"line":28},"21":{"name":"(anonymous_21)","decl":{"start":{"line":28,"column":44},"end":{"line":28,"column":45}},"loc":{"start":{"line":28,"column":63},"end":{"line":28,"column":89}},"line":28},"22":{"name":"(anonymous_22)","decl":{"start":{"line":29,"column":4},"end":{"line":29,"column":5}},"loc":{"start":{"line":29,"column":14},"end":{"line":29,"column":35}},"line":29},"23":{"name":"(anonymous_23)","decl":{"start":{"line":29,"column":36},"end":{"line":29,"column":37}},"loc":{"start":{"line":29,"column":51},"end":{"line":29,"column":73}},"line":29},"24":{"name":"(anonymous_24)","decl":{"start":{"line":32,"column":4},"end":{"line":32,"column":5}},"loc":{"start":{"line":32,"column":122},"end":{"line":45,"column":5}},"line":32},"25":{"name":"(anonymous_25)","decl":{"start":{"line":61,"column":25},"end":{"line":61,"column":26}},"loc":{"start":{"line":61,"column":32},"end":{"line":63,"column":13}},"line":61},"26":{"name":"(anonymous_26)","decl":{"start":{"line":74,"column":4},"end":{"line":74,"column":5}},"loc":{"start":{"line":74,"column":19},"end":{"line":80,"column":5}},"line":74},"27":{"name":"(anonymous_27)","decl":{"start":{"line":82,"column":4},"end":{"line":82,"column":5}},"loc":{"start":{"line":82,"column":27},"end":{"line":88,"column":5}},"line":82},"28":{"name":"(anonymous_28)","decl":{"start":{"line":90,"column":4},"end":{"line":90,"column":5}},"loc":{"start":{"line":90,"column":19},"end":{"line":98,"column":5}},"line":90},"29":{"name":"(anonymous_29)","decl":{"start":{"line":101,"column":4},"end":{"line":101,"column":5}},"loc":{"start":{"line":101,"column":16},"end":{"line":137,"column":5}},"line":101},"30":{"name":"(anonymous_30)","decl":{"start":{"line":139,"column":4},"end":{"line":139,"column":5}},"loc":{"start":{"line":139,"column":17},"end":{"line":179,"column":5}},"line":139},"31":{"name":"(anonymous_31)","decl":{"start":{"line":153,"column":25},"end":{"line":153,"column":26}},"loc":{"start":{"line":153,"column":31},"end":{"line":174,"column":13}},"line":153},"32":{"name":"(anonymous_32)","decl":{"start":{"line":181,"column":4},"end":{"line":181,"column":5}},"loc":{"start":{"line":181,"column":18},"end":{"line":196,"column":5}},"line":181},"33":{"name":"(anonymous_33)","decl":{"start":{"line":198,"column":4},"end":{"line":198,"column":5}},"loc":{"start":{"line":198,"column":20},"end":{"line":203,"column":5}},"line":198},"34":{"name":"(anonymous_34)","decl":{"start":{"line":205,"column":4},"end":{"line":205,"column":5}},"loc":{"start":{"line":205,"column":47},"end":{"line":221,"column":5}},"line":205},"35":{"name":"(anonymous_35)","decl":{"start":{"line":223,"column":4},"end":{"line":223,"column":5}},"loc":{"start":{"line":223,"column":12},"end":{"line":238,"column":5}},"line":223}},"branchMap":{"0":{"loc":{"start":{"line":32,"column":107},"end":{"line":32,"column":121}},"type":"default-arg","locations":[{"start":{"line":32,"column":117},"end":{"line":32,"column":121}}],"line":32},"1":{"loc":{"start":{"line":59,"column":8},"end":{"line":64,"column":9}},"type":"if","locations":[{"start":{"line":59,"column":8},"end":{"line":64,"column":9}},{"start":{"line":60,"column":12},"end":{"line":64,"column":9}}],"line":59},"2":{"loc":{"start":{"line":59,"column":11},"end":{"line":59,"column":37}},"type":"binary-expr","locations":[{"start":{"line":59,"column":11},"end":{"line":59,"column":16}},{"start":{"line":59,"column":20},"end":{"line":59,"column":37}}],"line":59},"3":{"loc":{"start":{"line":116,"column":12},"end":{"line":118,"column":13}},"type":"if","locations":[{"start":{"line":116,"column":12},"end":{"line":118,"column":13}},{"start":{},"end":{}}],"line":116},"4":{"loc":{"start":{"line":124,"column":16},"end":{"line":124,"column":70}},"type":"binary-expr","locations":[{"start":{"line":124,"column":16},"end":{"line":124,"column":41}},{"start":{"line":124,"column":45},"end":{"line":124,"column":70}}],"line":124},"5":{"loc":{"start":{"line":127,"column":16},"end":{"line":127,"column":71}},"type":"binary-expr","locations":[{"start":{"line":127,"column":16},"end":{"line":127,"column":37}},{"start":{"line":127,"column":41},"end":{"line":127,"column":71}}],"line":127},"6":{"loc":{"start":{"line":132,"column":16},"end":{"line":132,"column":43}},"type":"binary-expr","locations":[{"start":{"line":132,"column":16},"end":{"line":132,"column":35}},{"start":{"line":132,"column":39},"end":{"line":132,"column":43}}],"line":132},"7":{"loc":{"start":{"line":147,"column":8},"end":{"line":176,"column":9}},"type":"if","locations":[{"start":{"line":147,"column":8},"end":{"line":176,"column":9}},{"start":{},"end":{}}],"line":147},"8":{"loc":{"start":{"line":148,"column":34},"end":{"line":148,"column":82}},"type":"binary-expr","locations":[{"start":{"line":148,"column":34},"end":{"line":148,"column":56}},{"start":{"line":148,"column":60},"end":{"line":148,"column":82}}],"line":148},"9":{"loc":{"start":{"line":149,"column":40},"end":{"line":149,"column":88}},"type":"binary-expr","locations":[{"start":{"line":149,"column":40},"end":{"line":149,"column":68}},{"start":{"line":149,"column":72},"end":{"line":149,"column":88}}],"line":149},"10":{"loc":{"start":{"line":154,"column":16},"end":{"line":159,"column":17}},"type":"if","locations":[{"start":{"line":154,"column":16},"end":{"line":159,"column":17}},{"start":{"line":157,"column":20},"end":{"line":159,"column":17}}],"line":154},"11":{"loc":{"start":{"line":154,"column":19},"end":{"line":154,"column":84}},"type":"binary-expr","locations":[{"start":{"line":154,"column":19},"end":{"line":154,"column":38}},{"start":{"line":154,"column":42},"end":{"line":154,"column":84}}],"line":154},"12":{"loc":{"start":{"line":185,"column":8},"end":{"line":188,"column":9}},"type":"if","locations":[{"start":{"line":185,"column":8},"end":{"line":188,"column":9}},{"start":{},"end":{}}],"line":185},"13":{"loc":{"start":{"line":185,"column":11},"end":{"line":185,"column":48}},"type":"binary-expr","locations":[{"start":{"line":185,"column":11},"end":{"line":185,"column":28}},{"start":{"line":185,"column":32},"end":{"line":185,"column":48}}],"line":185},"14":{"loc":{"start":{"line":206,"column":30},"end":{"line":206,"column":45}},"type":"binary-expr","locations":[{"start":{"line":206,"column":30},"end":{"line":206,"column":40}},{"start":{"line":206,"column":44},"end":{"line":206,"column":45}}],"line":206},"15":{"loc":{"start":{"line":207,"column":8},"end":{"line":209,"column":9}},"type":"if","locations":[{"start":{"line":207,"column":8},"end":{"line":209,"column":9}},{"start":{},"end":{}}],"line":207},"16":{"loc":{"start":{"line":207,"column":12},"end":{"line":207,"column":61}},"type":"binary-expr","locations":[{"start":{"line":207,"column":12},"end":{"line":207,"column":22}},{"start":{"line":207,"column":26},"end":{"line":207,"column":46}},{"start":{"line":207,"column":50},"end":{"line":207,"column":61}}],"line":207}},"s":{"0":2,"1":2,"2":5,"3":3,"4":3,"5":0,"6":3,"7":0,"8":0,"9":0,"10":3,"11":0,"12":5,"13":0,"14":0,"15":0,"16":0,"17":0,"18":0,"19":0,"20":0,"21":0,"22":0,"23":0,"24":4,"25":1,"26":40,"27":40,"28":40,"29":40,"30":40,"31":40,"32":40,"33":40,"34":40,"35":40,"36":40,"37":40,"38":4,"39":4,"40":4,"41":4,"42":4,"43":2,"44":2,"45":4,"46":2,"47":2,"48":4,"49":4,"50":2,"51":4,"52":4,"53":4,"54":4,"55":3,"56":4,"57":4,"58":4,"59":4,"60":4,"61":3,"62":3,"63":3,"64":3,"65":3,"66":5,"67":5,"68":5,"69":3,"70":3,"71":3,"72":0,"73":0,"74":0,"75":0,"76":0,"77":3,"78":13,"79":13,"80":13,"81":13,"82":10,"83":7,"84":7,"85":7,"86":7,"87":7,"88":7,"89":4,"90":3,"91":7,"92":7,"93":3,"94":3,"95":3,"96":3,"97":1,"98":1,"99":3,"100":3,"101":3,"102":3,"103":4,"104":4,"105":4,"106":4,"107":0,"108":0,"109":0,"110":0,"111":0,"112":0,"113":0,"114":0,"115":2},"f":{"0":5,"1":3,"2":3,"3":0,"4":3,"5":0,"6":0,"7":0,"8":3,"9":0,"10":5,"11":0,"12":0,"13":0,"14":0,"15":0,"16":0,"17":0,"18":0,"19":0,"20":0,"21":0,"22":4,"23":1,"24":40,"25":4,"26":4,"27":4,"28":3,"29":5,"30":13,"31":7,"32":3,"33":4,"34":0,"35":0},"b":{"0":[40],"1":[2,2],"2":[4,4],"3":[0,0],"4":[0,0],"5":[0,0],"6":[0,0],"7":[7,3],"8":[7,7],"9":[7,7],"10":[4,3],"11":[7,7],"12":[1,2],"13":[3,1],"14":[0,0],"15":[0,0],"16":[0,0,0]},"_coverageSchema":"1a1c01bbd47fc00a2c39e90264f33305004495a9","hash":"4dd7e98d6c4d8d4b173d00572c2b2d1031084ba4"}
,"/home/guihigino/Documents/faculdade/3Semestre/PiI/FarmaFipp-project/models/ProdutoPromocaoModel.js": {"path":"/home/guihigino/Documents/faculdade/3Semestre/PiI/FarmaFipp-project/models/ProdutoPromocaoModel.js","statementMap":{"0":{"start":{"line":1,"column":21},"end":{"line":1,"column":46}},"1":{"start":{"line":2,"column":17},"end":{"line":2,"column":45}},"2":{"start":{"line":3,"column":11},"end":{"line":3,"column":24}},"3":{"start":{"line":4,"column":13},"end":{"line":4,"column":28}},"4":{"start":{"line":7,"column":20},"end":{"line":7,"column":70}},"5":{"start":{"line":11,"column":8},"end":{"line":11,"column":99}},"6":{"start":{"line":19,"column":8},"end":{"line":27,"column":40}},"7":{"start":{"line":20,"column":12},"end":{"line":26,"column":13}},"8":{"start":{"line":21,"column":29},"end":{"line":21,"column":78}},"9":{"start":{"line":22,"column":28},"end":{"line":22,"column":59}},"10":{"start":{"line":23,"column":16},"end":{"line":25,"column":17}},"11":{"start":{"line":24,"column":20},"end":{"line":24,"column":31}},"12":{"start":{"line":28,"column":8},"end":{"line":28,"column":18}},"13":{"start":{"line":36,"column":20},"end":{"line":36,"column":38}},"14":{"start":{"line":37,"column":8},"end":{"line":39,"column":9}},"15":{"start":{"line":38,"column":12},"end":{"line":38,"column":25}},"16":{"start":{"line":40,"column":8},"end":{"line":45,"column":9}},"17":{"start":{"line":41,"column":12},"end":{"line":41,"column":105}},"18":{"start":{"line":42,"column":12},"end":{"line":42,"column":24}},"19":{"start":{"line":44,"column":12},"end":{"line":44,"column":25}},"20":{"start":{"line":53,"column":22},"end":{"line":53,"column":36}},"21":{"start":{"line":56,"column":25},"end":{"line":56,"column":122}},"22":{"start":{"line":57,"column":25},"end":{"line":57,"column":75}},"23":{"start":{"line":59,"column":8},"end":{"line":62,"column":9}},"24":{"start":{"line":61,"column":12},"end":{"line":61,"column":61}},"25":{"start":{"line":65,"column":29},"end":{"line":65,"column":74}},"26":{"start":{"line":66,"column":25},"end":{"line":66,"column":51}},"27":{"start":{"line":67,"column":8},"end":{"line":67,"column":62}},"28":{"start":{"line":69,"column":20},"end":{"line":69,"column":140}},"29":{"start":{"line":70,"column":23},"end":{"line":70,"column":108}},"30":{"start":{"line":71,"column":23},"end":{"line":71,"column":70}},"31":{"start":{"line":73,"column":8},"end":{"line":77,"column":9}},"32":{"start":{"line":74,"column":12},"end":{"line":74,"column":41}},"33":{"start":{"line":76,"column":12},"end":{"line":76,"column":25}},"34":{"start":{"line":85,"column":20},"end":{"line":91,"column":67}},"35":{"start":{"line":92,"column":22},"end":{"line":92,"column":36}},"36":{"start":{"line":93,"column":19},"end":{"line":93,"column":50}},"37":{"start":{"line":94,"column":8},"end":{"line":94,"column":57}},"38":{"start":{"line":94,"column":42},"end":{"line":94,"column":55}},"39":{"start":{"line":96,"column":22},"end":{"line":96,"column":24}},"40":{"start":{"line":97,"column":8},"end":{"line":118,"column":9}},"41":{"start":{"line":98,"column":29},"end":{"line":109,"column":13}},"42":{"start":{"line":110,"column":32},"end":{"line":110,"column":69}},"43":{"start":{"line":111,"column":12},"end":{"line":117,"column":13}},"44":{"start":{"line":112,"column":16},"end":{"line":112,"column":57}},"45":{"start":{"line":113,"column":16},"end":{"line":113,"column":60}},"46":{"start":{"line":114,"column":16},"end":{"line":114,"column":89}},"47":{"start":{"line":115,"column":16},"end":{"line":115,"column":49}},"48":{"start":{"line":116,"column":16},"end":{"line":116,"column":41}},"49":{"start":{"line":120,"column":8},"end":{"line":120,"column":52}},"50":{"start":{"line":128,"column":20},"end":{"line":139,"column":51}},"51":{"start":{"line":140,"column":22},"end":{"line":140,"column":36}},"52":{"start":{"line":141,"column":21},"end":{"line":141,"column":52}},"53":{"start":{"line":143,"column":8},"end":{"line":143,"column":54}},"54":{"start":{"line":143,"column":42},"end":{"line":143,"column":52}},"55":{"start":{"line":145,"column":8},"end":{"line":160,"column":12}},"56":{"start":{"line":145,"column":32},"end":{"line":160,"column":9}},"57":{"start":{"line":169,"column":20},"end":{"line":172,"column":56}},"58":{"start":{"line":173,"column":22},"end":{"line":173,"column":36}},"59":{"start":{"line":174,"column":21},"end":{"line":174,"column":65}},"60":{"start":{"line":176,"column":8},"end":{"line":176,"column":56}},"61":{"start":{"line":176,"column":42},"end":{"line":176,"column":54}},"62":{"start":{"line":178,"column":8},"end":{"line":183,"column":10}},"63":{"start":{"line":191,"column":20},"end":{"line":191,"column":63}},"64":{"start":{"line":192,"column":22},"end":{"line":192,"column":36}},"65":{"start":{"line":193,"column":8},"end":{"line":193,"column":61}},"66":{"start":{"line":200,"column":20},"end":{"line":213,"column":52}},"67":{"start":{"line":214,"column":22},"end":{"line":214,"column":36}},"68":{"start":{"line":215,"column":21},"end":{"line":215,"column":52}},"69":{"start":{"line":216,"column":8},"end":{"line":216,"column":26}},"70":{"start":{"line":220,"column":0},"end":{"line":220,"column":38}}},"fnMap":{"0":{"name":"(anonymous_0)","decl":{"start":{"line":10,"column":4},"end":{"line":10,"column":5}},"loc":{"start":{"line":10,"column":101},"end":{"line":12,"column":5}},"line":10},"1":{"name":"(anonymous_1)","decl":{"start":{"line":18,"column":4},"end":{"line":18,"column":5}},"loc":{"start":{"line":18,"column":30},"end":{"line":29,"column":5}},"line":18},"2":{"name":"(anonymous_2)","decl":{"start":{"line":35,"column":4},"end":{"line":35,"column":5}},"loc":{"start":{"line":35,"column":35},"end":{"line":46,"column":5}},"line":35},"3":{"name":"(anonymous_3)","decl":{"start":{"line":84,"column":4},"end":{"line":84,"column":5}},"loc":{"start":{"line":84,"column":42},"end":{"line":121,"column":5}},"line":84},"4":{"name":"(anonymous_4)","decl":{"start":{"line":127,"column":4},"end":{"line":127,"column":5}},"loc":{"start":{"line":127,"column":26},"end":{"line":161,"column":5}},"line":127},"5":{"name":"(anonymous_5)","decl":{"start":{"line":145,"column":24},"end":{"line":145,"column":25}},"loc":{"start":{"line":145,"column":32},"end":{"line":160,"column":9}},"line":145},"6":{"name":"(anonymous_6)","decl":{"start":{"line":168,"column":4},"end":{"line":168,"column":5}},"loc":{"start":{"line":168,"column":44},"end":{"line":184,"column":5}},"line":168},"7":{"name":"(anonymous_7)","decl":{"start":{"line":190,"column":4},"end":{"line":190,"column":5}},"loc":{"start":{"line":190,"column":30},"end":{"line":194,"column":5}},"line":190},"8":{"name":"(anonymous_8)","decl":{"start":{"line":199,"column":4},"end":{"line":199,"column":5}},"loc":{"start":{"line":199,"column":31},"end":{"line":217,"column":5}},"line":199}},"branchMap":{"0":{"loc":{"start":{"line":20,"column":12},"end":{"line":26,"column":13}},"type":"if","locations":[{"start":{"line":20,"column":12},"end":{"line":26,"column":13}},{"start":{},"end":{}}],"line":20},"1":{"loc":{"start":{"line":23,"column":16},"end":{"line":25,"column":17}},"type":"if","locations":[{"start":{"line":23,"column":16},"end":{"line":25,"column":17}},{"start":{},"end":{}}],"line":23},"2":{"loc":{"start":{"line":23,"column":20},"end":{"line":23,"column":63}},"type":"binary-expr","locations":[{"start":{"line":23,"column":20},"end":{"line":23,"column":38}},{"start":{"line":23,"column":42},"end":{"line":23,"column":49}},{"start":{"line":23,"column":53},"end":{"line":23,"column":63}}],"line":23},"3":{"loc":{"start":{"line":37,"column":8},"end":{"line":39,"column":9}},"type":"if","locations":[{"start":{"line":37,"column":8},"end":{"line":39,"column":9}},{"start":{},"end":{}}],"line":37},"4":{"loc":{"start":{"line":37,"column":12},"end":{"line":37,"column":54}},"type":"binary-expr","locations":[{"start":{"line":37,"column":12},"end":{"line":37,"column":29}},{"start":{"line":37,"column":33},"end":{"line":37,"column":41}},{"start":{"line":37,"column":45},"end":{"line":37,"column":54}}],"line":37},"5":{"loc":{"start":{"line":59,"column":8},"end":{"line":62,"column":9}},"type":"if","locations":[{"start":{"line":59,"column":8},"end":{"line":62,"column":9}},{"start":{},"end":{}}],"line":59},"6":{"loc":{"start":{"line":59,"column":12},"end":{"line":59,"column":43}},"type":"binary-expr","locations":[{"start":{"line":59,"column":12},"end":{"line":59,"column":20}},{"start":{"line":59,"column":24},"end":{"line":59,"column":43}}],"line":59},"7":{"loc":{"start":{"line":66,"column":25},"end":{"line":66,"column":51}},"type":"binary-expr","locations":[{"start":{"line":66,"column":25},"end":{"line":66,"column":46}},{"start":{"line":66,"column":50},"end":{"line":66,"column":51}}],"line":66},"8":{"loc":{"start":{"line":73,"column":8},"end":{"line":77,"column":9}},"type":"if","locations":[{"start":{"line":73,"column":8},"end":{"line":77,"column":9}},{"start":{"line":75,"column":15},"end":{"line":77,"column":9}}],"line":73},"9":{"loc":{"start":{"line":94,"column":8},"end":{"line":94,"column":57}},"type":"if","locations":[{"start":{"line":94,"column":8},"end":{"line":94,"column":57}},{"start":{},"end":{}}],"line":94},"10":{"loc":{"start":{"line":94,"column":12},"end":{"line":94,"column":38}},"type":"binary-expr","locations":[{"start":{"line":94,"column":12},"end":{"line":94,"column":17}},{"start":{"line":94,"column":21},"end":{"line":94,"column":38}}],"line":94},"11":{"loc":{"start":{"line":105,"column":16},"end":{"line":105,"column":53}},"type":"binary-expr","locations":[{"start":{"line":105,"column":16},"end":{"line":105,"column":34}},{"start":{"line":105,"column":38},"end":{"line":105,"column":53}}],"line":105},"12":{"loc":{"start":{"line":111,"column":12},"end":{"line":117,"column":13}},"type":"if","locations":[{"start":{"line":111,"column":12},"end":{"line":117,"column":13}},{"start":{},"end":{}}],"line":111},"13":{"loc":{"start":{"line":120,"column":15},"end":{"line":120,"column":51}},"type":"cond-expr","locations":[{"start":{"line":120,"column":36},"end":{"line":120,"column":43}},{"start":{"line":120,"column":46},"end":{"line":120,"column":51}}],"line":120},"14":{"loc":{"start":{"line":143,"column":8},"end":{"line":143,"column":54}},"type":"if","locations":[{"start":{"line":143,"column":8},"end":{"line":143,"column":54}},{"start":{},"end":{}}],"line":143},"15":{"loc":{"start":{"line":143,"column":12},"end":{"line":143,"column":38}},"type":"binary-expr","locations":[{"start":{"line":143,"column":12},"end":{"line":143,"column":17}},{"start":{"line":143,"column":21},"end":{"line":143,"column":38}}],"line":143},"16":{"loc":{"start":{"line":176,"column":8},"end":{"line":176,"column":56}},"type":"if","locations":[{"start":{"line":176,"column":8},"end":{"line":176,"column":56}},{"start":{},"end":{}}],"line":176},"17":{"loc":{"start":{"line":176,"column":12},"end":{"line":176,"column":38}},"type":"binary-expr","locations":[{"start":{"line":176,"column":12},"end":{"line":176,"column":17}},{"start":{"line":176,"column":21},"end":{"line":176,"column":38}}],"line":176},"18":{"loc":{"start":{"line":216,"column":15},"end":{"line":216,"column":25}},"type":"binary-expr","locations":[{"start":{"line":216,"column":15},"end":{"line":216,"column":19}},{"start":{"line":216,"column":23},"end":{"line":216,"column":25}}],"line":216}},"s":{"0":1,"1":1,"2":1,"3":1,"4":1,"5":3,"6":0,"7":0,"8":0,"9":0,"10":0,"11":0,"12":0,"13":0,"14":0,"15":0,"16":0,"17":0,"18":0,"19":0,"20":0,"21":0,"22":0,"23":0,"24":0,"25":0,"26":0,"27":0,"28":0,"29":0,"30":0,"31":0,"32":0,"33":0,"34":0,"35":0,"36":0,"37":0,"38":0,"39":0,"40":0,"41":0,"42":0,"43":0,"44":0,"45":0,"46":0,"47":0,"48":0,"49":0,"50":0,"51":0,"52":0,"53":0,"54":0,"55":0,"56":0,"57":3,"58":3,"59":3,"60":3,"61":2,"62":1,"63":0,"64":0,"65":0,"66":0,"67":0,"68":0,"69":0,"70":1},"f":{"0":3,"1":0,"2":0,"3":0,"4":0,"5":0,"6":3,"7":0,"8":0},"b":{"0":[0,0],"1":[0,0],"2":[0,0,0],"3":[0,0],"4":[0,0,0],"5":[0,0],"6":[0,0],"7":[0,0],"8":[0,0],"9":[0,0],"10":[0,0],"11":[0,0],"12":[0,0],"13":[0,0],"14":[0,0],"15":[0,0],"16":[2,1],"17":[3,3],"18":[0,0]},"_coverageSchema":"1a1c01bbd47fc00a2c39e90264f33305004495a9","hash":"579892b834e0cdfae6ccbf5dba22e2fbf9b43e1c"}
,"/home/guihigino/Documents/faculdade/3Semestre/PiI/FarmaFipp-project/tests/setup.js": {"path":"/home/guihigino/Documents/faculdade/3Semestre/PiI/FarmaFipp-project/tests/setup.js","statementMap":{"0":{"start":{"line":8,"column":27},"end":{"line":8,"column":36}},"1":{"start":{"line":9,"column":35},"end":{"line":9,"column":44}},"2":{"start":{"line":10,"column":39},"end":{"line":10,"column":48}},"3":{"start":{"line":13,"column":0},"end":{"line":19,"column":3}},"4":{"start":{"line":14,"column":4},"end":{"line":18,"column":8}},"5":{"start":{"line":14,"column":47},"end":{"line":18,"column":5}},"6":{"start":{"line":22,"column":0},"end":{"line":26,"column":3}},"7":{"start":{"line":23,"column":4},"end":{"line":23,"column":35}},"8":{"start":{"line":24,"column":4},"end":{"line":24,"column":43}},"9":{"start":{"line":25,"column":4},"end":{"line":25,"column":47}},"10":{"start":{"line":28,"column":0},"end":{"line":32,"column":2}}},"fnMap":{"0":{"name":"(anonymous_0)","decl":{"start":{"line":13,"column":31},"end":{"line":13,"column":32}},"loc":{"start":{"line":13,"column":37},"end":{"line":19,"column":1}},"line":13},"1":{"name":"(anonymous_1)","decl":{"start":{"line":14,"column":40},"end":{"line":14,"column":41}},"loc":{"start":{"line":14,"column":47},"end":{"line":18,"column":5}},"line":14},"2":{"name":"(anonymous_2)","decl":{"start":{"line":22,"column":11},"end":{"line":22,"column":12}},"loc":{"start":{"line":22,"column":17},"end":{"line":26,"column":1}},"line":22}},"branchMap":{},"s":{"0":2,"1":2,"2":2,"3":2,"4":2,"5":60,"6":2,"7":61,"8":61,"9":61,"10":2},"f":{"0":2,"1":60,"2":61},"b":{},"_coverageSchema":"1a1c01bbd47fc00a2c39e90264f33305004495a9","hash":"8c32bd0e3825b2c514527c6218457f99f5c33acf"}
}
