TN:
SF:controllers/LoteController.js
FN:7,(anonymous_0)
FN:20,(anonymous_1)
FNF:2
FNH:2
FNDA:2,(anonymous_0)
FNDA:14,(anonymous_1)
DA:1,1
DA:2,1
DA:3,1
DA:8,2
DA:9,2
DA:10,2
DA:11,1
DA:12,1
DA:13,1
DA:15,1
DA:16,1
DA:21,14
DA:23,14
DA:24,6
DA:27,8
DA:28,8
DA:29,3
DA:32,5
DA:33,1
DA:36,4
DA:37,4
DA:38,4
DA:39,3
DA:41,1
DA:43,2
DA:44,2
DA:46,0
DA:49,1
DA:50,1
DA:55,1
LF:30
LH:29
BRDA:23,0,0,6
BRDA:23,0,1,8
BRDA:23,1,0,14
BRDA:23,1,1,12
BRDA:23,1,2,11
BRDA:23,1,3,11
BRDA:23,1,4,10
BRDA:23,1,5,2
BRDA:23,1,6,9
BRDA:28,2,0,3
BRDA:28,2,1,5
BRDA:28,3,0,8
BRDA:28,3,1,7
BRDA:32,4,0,1
BRDA:32,4,1,4
BRDA:39,5,0,1
BRDA:39,5,1,2
BRDA:43,6,0,2
BRDA:43,6,1,0
BRF:19
BRH:18
end_of_record
TN:
SF:controllers/ProdutoController.js
FN:9,(anonymous_0)
FN:24,(anonymous_1)
FN:37,(anonymous_2)
FN:73,(anonymous_3)
FN:90,(anonymous_4)
FN:122,(anonymous_5)
FN:165,(anonymous_6)
FN:184,(anonymous_7)
FNF:8
FNH:8
FNDA:3,(anonymous_0)
FNDA:2,(anonymous_1)
FNDA:4,(anonymous_2)
FNDA:6,(anonymous_3)
FNDA:2,(anonymous_4)
FNDA:15,(anonymous_5)
FNDA:5,(anonymous_6)
FNDA:10,(anonymous_7)
DA:1,1
DA:2,1
DA:3,1
DA:4,1
DA:5,1
DA:7,1
DA:10,3
DA:11,3
DA:12,3
DA:13,2
DA:14,2
DA:15,2
DA:16,2
DA:17,2
DA:19,1
DA:20,1
DA:25,2
DA:26,2
DA:27,2
DA:28,1
DA:29,1
DA:30,1
DA:32,1
DA:33,1
DA:38,4
DA:39,4
DA:41,4
DA:42,1
DA:45,3
DA:46,3
DA:48,2
DA:49,1
DA:52,1
DA:53,1
DA:55,1
DA:56,1
DA:58,1
DA:68,1
DA:69,1
DA:74,6
DA:75,6
DA:76,6
DA:77,1
DA:80,5
DA:81,5
DA:83,4
DA:84,1
DA:87,3
DA:88,3
DA:89,3
DA:90,2
DA:92,3
DA:95,3
DA:96,3
DA:98,3
DA:108,3
DA:109,1
DA:110,1
DA:113,3
DA:117,1
DA:118,1
DA:123,15
DA:124,15
DA:126,15
DA:127,6
DA:130,9
DA:131,9
DA:133,9
DA:134,3
DA:136,6
DA:137,2
DA:140,4
DA:141,4
DA:142,4
DA:143,3
DA:144,2
DA:145,2
DA:146,2
DA:147,2
DA:148,2
DA:149,2
DA:150,2
DA:151,2
DA:153,2
DA:155,2
DA:157,1
DA:160,1
DA:161,1
DA:166,5
DA:167,5
DA:168,1
DA:170,4
DA:171,4
DA:172,4
DA:173,3
DA:174,2
DA:176,1
DA:179,1
DA:180,1
DA:185,10
DA:186,10
DA:188,10
DA:189,2
DA:192,8
DA:193,8
DA:195,8
DA:196,2
DA:198,6
DA:199,1
DA:202,5
DA:203,5
DA:205,4
DA:206,1
DA:209,3
DA:210,1
DA:211,1
DA:213,1
DA:214,1
DA:215,1
DA:219,3
DA:221,3
DA:222,2
DA:225,1
DA:227,1
DA:228,1
DA:233,1
LF:126
LH:126
BRDA:41,0,0,1
BRDA:41,0,1,3
BRDA:48,1,0,1
BRDA:48,1,1,1
BRDA:76,2,0,1
BRDA:76,2,1,5
BRDA:83,3,0,1
BRDA:83,3,1,3
BRDA:89,4,0,3
BRDA:89,4,1,0
BRDA:90,5,0,3
BRDA:90,5,1,1
BRDA:90,6,0,2
BRDA:90,6,1,0
BRDA:92,7,0,2
BRDA:92,7,1,1
BRDA:108,8,0,1
BRDA:108,8,1,2
BRDA:124,9,0,15
BRDA:124,9,1,14
BRDA:126,10,0,6
BRDA:126,10,1,9
BRDA:126,11,0,15
BRDA:126,11,1,13
BRDA:126,11,2,12
BRDA:126,11,3,12
BRDA:126,11,4,12
BRDA:126,11,5,11
BRDA:126,11,6,10
BRDA:133,12,0,3
BRDA:133,12,1,6
BRDA:133,13,0,9
BRDA:133,13,1,8
BRDA:136,14,0,2
BRDA:136,14,1,4
BRDA:136,15,0,6
BRDA:136,15,1,6
BRDA:143,16,0,2
BRDA:143,16,1,1
BRDA:166,17,0,5
BRDA:166,17,1,4
BRDA:167,18,0,1
BRDA:167,18,1,4
BRDA:173,19,0,2
BRDA:173,19,1,1
BRDA:188,20,0,2
BRDA:188,20,1,8
BRDA:188,21,0,10
BRDA:188,21,1,9
BRDA:188,21,2,8
BRDA:188,21,3,8
BRDA:188,21,4,8
BRDA:188,21,5,8
BRDA:188,21,6,8
BRDA:188,21,7,8
BRDA:195,22,0,2
BRDA:195,22,1,6
BRDA:195,23,0,8
BRDA:195,23,1,8
BRDA:198,24,0,1
BRDA:198,24,1,5
BRDA:198,25,0,6
BRDA:198,25,1,6
BRDA:205,26,0,1
BRDA:205,26,1,3
BRDA:209,27,0,1
BRDA:209,27,1,2
BRDA:210,28,0,1
BRDA:210,28,1,1
BRDA:213,29,0,1
BRDA:213,29,1,0
BRDA:214,30,0,1
BRDA:214,30,1,0
BRDA:214,31,0,1
BRDA:214,31,1,1
BRDA:221,32,0,2
BRDA:221,32,1,1
BRF:77
BRH:73
end_of_record
TN:
SF:models/EstoqueModel.js
FN:13,(anonymous_0)
FN:17,(anonymous_1)
FN:21,(anonymous_2)
FN:25,(anonymous_3)
FN:29,(anonymous_4)
FN:33,(anonymous_5)
FN:37,(anonymous_6)
FN:41,(anonymous_7)
FN:45,(anonymous_8)
FN:49,(anonymous_9)
FN:53,(anonymous_10)
FN:57,(anonymous_11)
FN:61,(anonymous_12)
FN:65,(anonymous_13)
FN:69,(anonymous_14)
FN:79,(anonymous_15)
FN:90,(anonymous_16)
FN:97,(anonymous_17)
FN:115,(anonymous_18)
FNF:19
FNH:9
FNDA:0,(anonymous_0)
FNDA:2,(anonymous_1)
FNDA:0,(anonymous_2)
FNDA:2,(anonymous_3)
FNDA:0,(anonymous_4)
FNDA:2,(anonymous_5)
FNDA:0,(anonymous_6)
FNDA:2,(anonymous_7)
FNDA:0,(anonymous_8)
FNDA:2,(anonymous_9)
FNDA:0,(anonymous_10)
FNDA:2,(anonymous_11)
FNDA:0,(anonymous_12)
FNDA:2,(anonymous_13)
FNDA:2,(anonymous_14)
FNDA:2,(anonymous_15)
FNDA:0,(anonymous_16)
FNDA:0,(anonymous_17)
FNDA:0,(anonymous_18)
DA:1,1
DA:2,1
DA:14,0
DA:18,2
DA:22,0
DA:26,2
DA:30,0
DA:34,2
DA:38,0
DA:42,2
DA:46,0
DA:50,2
DA:54,0
DA:58,2
DA:62,0
DA:66,2
DA:70,2
DA:71,2
DA:72,2
DA:73,2
DA:74,2
DA:75,2
DA:76,2
DA:80,2
DA:82,2
DA:84,2
DA:85,2
DA:87,2
DA:91,0
DA:93,0
DA:95,0
DA:97,0
DA:98,0
DA:107,0
DA:108,0
DA:109,0
DA:110,0
DA:112,0
DA:116,0
DA:118,0
DA:120,0
DA:122,0
DA:126,1
LF:43
LH:22
BRDA:107,0,0,0
BRDA:107,0,1,0
BRDA:107,0,2,0
BRF:3
BRH:0
end_of_record
TN:
SF:models/FornecedorModel.js
FN:10,(anonymous_0)
FN:10,(anonymous_1)
FN:11,(anonymous_2)
FN:11,(anonymous_3)
FN:12,(anonymous_4)
FN:12,(anonymous_5)
FN:13,(anonymous_6)
FN:13,(anonymous_7)
FN:14,(anonymous_8)
FN:14,(anonymous_9)
FN:18,(anonymous_10)
FN:26,(anonymous_11)
FN:35,(anonymous_12)
FN:61,(anonymous_13)
FN:69,(anonymous_14)
FN:77,(anonymous_15)
FN:85,(anonymous_16)
FN:93,(anonymous_17)
FN:98,(anonymous_18)
FN:111,(anonymous_19)
FNF:20
FNH:3
FNDA:0,(anonymous_0)
FNDA:0,(anonymous_1)
FNDA:0,(anonymous_2)
FNDA:0,(anonymous_3)
FNDA:0,(anonymous_4)
FNDA:0,(anonymous_5)
FNDA:0,(anonymous_6)
FNDA:0,(anonymous_7)
FNDA:0,(anonymous_8)
FNDA:0,(anonymous_9)
FNDA:8,(anonymous_10)
FNDA:0,(anonymous_11)
FNDA:0,(anonymous_12)
FNDA:0,(anonymous_13)
FNDA:0,(anonymous_14)
FNDA:0,(anonymous_15)
FNDA:0,(anonymous_16)
FNDA:4,(anonymous_17)
FNDA:4,(anonymous_18)
FNDA:0,(anonymous_19)
DA:1,2
DA:10,0
DA:11,0
DA:12,0
DA:13,0
DA:14,0
DA:19,8
DA:20,8
DA:21,8
DA:22,8
DA:23,8
DA:27,0
DA:29,0
DA:30,0
DA:31,0
DA:32,0
DA:36,0
DA:37,0
DA:38,0
DA:39,0
DA:40,0
DA:41,0
DA:55,0
DA:57,0
DA:62,0
DA:63,0
DA:64,0
DA:65,0
DA:66,0
DA:70,0
DA:71,0
DA:72,0
DA:73,0
DA:74,0
DA:78,0
DA:79,0
DA:80,0
DA:81,0
DA:82,0
DA:86,0
DA:87,0
DA:88,0
DA:89,0
DA:90,0
DA:94,4
DA:95,4
DA:96,4
DA:97,3
DA:98,3
DA:99,4
DA:106,4
DA:108,3
DA:113,0
DA:114,0
DA:115,0
DA:116,0
DA:117,0
DA:122,2
LF:58
LH:15
BRDA:40,0,0,0
BRDA:40,0,1,0
BRF:2
BRH:0
end_of_record
TN:
SF:models/LoteModel.js
FN:11,(anonymous_0)
FN:11,(anonymous_1)
FN:12,(anonymous_2)
FN:12,(anonymous_3)
FN:13,(anonymous_4)
FN:13,(anonymous_5)
FN:14,(anonymous_6)
FN:14,(anonymous_7)
FN:15,(anonymous_8)
FN:15,(anonymous_9)
FN:16,(anonymous_10)
FN:16,(anonymous_11)
FN:18,(anonymous_12)
FN:47,(anonymous_13)
FN:61,(anonymous_14)
FN:66,(anonymous_15)
FN:82,(anonymous_16)
FN:101,(anonymous_17)
FN:116,(anonymous_18)
FNF:19
FNH:10
FNDA:0,(anonymous_0)
FNDA:1,(anonymous_1)
FNDA:0,(anonymous_2)
FNDA:1,(anonymous_3)
FNDA:0,(anonymous_4)
FNDA:1,(anonymous_5)
FNDA:0,(anonymous_6)
FNDA:1,(anonymous_7)
FNDA:0,(anonymous_8)
FNDA:1,(anonymous_9)
FNDA:0,(anonymous_10)
FNDA:1,(anonymous_11)
FNDA:7,(anonymous_12)
FNDA:4,(anonymous_13)
FNDA:2,(anonymous_14)
FNDA:1,(anonymous_15)
FNDA:0,(anonymous_16)
FNDA:0,(anonymous_17)
FNDA:0,(anonymous_18)
DA:1,2
DA:11,1
DA:12,1
DA:13,1
DA:14,1
DA:15,1
DA:16,1
DA:19,7
DA:20,7
DA:21,7
DA:22,7
DA:23,7
DA:24,7
DA:28,3
DA:29,3
DA:31,3
DA:32,4
DA:33,4
DA:34,4
DA:35,4
DA:37,2
DA:40,3
DA:41,3
DA:42,3
DA:43,3
DA:44,3
DA:48,4
DA:49,4
DA:50,4
DA:51,4
DA:52,4
DA:53,3
DA:54,3
DA:55,3
DA:56,1
DA:58,2
DA:62,2
DA:63,2
DA:64,2
DA:65,2
DA:66,1
DA:67,1
DA:68,1
DA:69,1
DA:70,1
DA:71,1
DA:72,1
DA:73,1
DA:75,1
DA:77,1
DA:83,0
DA:85,0
DA:86,0
DA:89,0
DA:90,0
DA:91,0
DA:92,0
DA:94,0
DA:95,0
DA:98,0
DA:102,0
DA:104,0
DA:105,0
DA:108,0
DA:109,0
DA:110,0
DA:111,0
DA:113,0
DA:117,0
DA:119,0
DA:120,0
DA:123,0
DA:124,0
DA:125,0
DA:126,0
DA:128,0
DA:132,2
LF:77
LH:51
BRDA:29,0,0,1
BRDA:29,0,1,2
BRDA:35,1,0,1
BRDA:35,1,1,3
BRDA:48,2,0,1
BRDA:48,2,1,3
BRDA:55,3,0,1
BRDA:55,3,1,2
BRDA:55,4,0,3
BRDA:55,4,1,2
BRDA:65,5,0,1
BRDA:65,5,1,1
BRDA:85,6,0,0
BRDA:85,6,1,0
BRDA:85,7,0,0
BRDA:85,7,1,0
BRDA:85,7,2,0
BRDA:94,8,0,0
BRDA:94,8,1,0
BRDA:94,9,0,0
BRDA:94,9,1,0
BRDA:104,10,0,0
BRDA:104,10,1,0
BRDA:104,11,0,0
BRDA:104,11,1,0
BRDA:104,11,2,0
BRDA:113,12,0,0
BRDA:113,12,1,0
BRDA:119,13,0,0
BRDA:119,13,1,0
BRDA:119,14,0,0
BRDA:119,14,1,0
BRDA:119,14,2,0
BRDA:128,15,0,0
BRDA:128,15,1,0
BRF:35
BRH:12
end_of_record
TN:
SF:models/ProdutoModel.js
FN:18,(anonymous_0)
FN:18,(anonymous_1)
FN:19,(anonymous_2)
FN:19,(anonymous_3)
FN:20,(anonymous_4)
FN:20,(anonymous_5)
FN:21,(anonymous_6)
FN:21,(anonymous_7)
FN:22,(anonymous_8)
FN:22,(anonymous_9)
FN:23,(anonymous_10)
FN:23,(anonymous_11)
FN:24,(anonymous_12)
FN:24,(anonymous_13)
FN:25,(anonymous_14)
FN:25,(anonymous_15)
FN:26,(anonymous_16)
FN:26,(anonymous_17)
FN:27,(anonymous_18)
FN:27,(anonymous_19)
FN:28,(anonymous_20)
FN:28,(anonymous_21)
FN:29,(anonymous_22)
FN:29,(anonymous_23)
FN:32,(anonymous_24)
FN:61,(anonymous_25)
FN:74,(anonymous_26)
FN:82,(anonymous_27)
FN:90,(anonymous_28)
FN:101,(anonymous_29)
FN:139,(anonymous_30)
FN:153,(anonymous_31)
FN:181,(anonymous_32)
FN:198,(anonymous_33)
FN:205,(anonymous_34)
FN:223,(anonymous_35)
FNF:36
FNH:18
FNDA:5,(anonymous_0)
FNDA:3,(anonymous_1)
FNDA:3,(anonymous_2)
FNDA:0,(anonymous_3)
FNDA:3,(anonymous_4)
FNDA:0,(anonymous_5)
FNDA:0,(anonymous_6)
FNDA:0,(anonymous_7)
FNDA:3,(anonymous_8)
FNDA:0,(anonymous_9)
FNDA:5,(anonymous_10)
FNDA:0,(anonymous_11)
FNDA:0,(anonymous_12)
FNDA:0,(anonymous_13)
FNDA:0,(anonymous_14)
FNDA:0,(anonymous_15)
FNDA:0,(anonymous_16)
FNDA:0,(anonymous_17)
FNDA:0,(anonymous_18)
FNDA:0,(anonymous_19)
FNDA:0,(anonymous_20)
FNDA:0,(anonymous_21)
FNDA:4,(anonymous_22)
FNDA:1,(anonymous_23)
FNDA:40,(anonymous_24)
FNDA:4,(anonymous_25)
FNDA:4,(anonymous_26)
FNDA:4,(anonymous_27)
FNDA:3,(anonymous_28)
FNDA:5,(anonymous_29)
FNDA:13,(anonymous_30)
FNDA:7,(anonymous_31)
FNDA:3,(anonymous_32)
FNDA:4,(anonymous_33)
FNDA:0,(anonymous_34)
FNDA:0,(anonymous_35)
DA:1,2
DA:2,2
DA:18,5
DA:19,3
DA:20,3
DA:21,0
DA:22,3
DA:23,5
DA:24,0
DA:25,0
DA:26,0
DA:27,0
DA:28,0
DA:29,4
DA:33,40
DA:34,40
DA:35,40
DA:36,40
DA:37,40
DA:38,40
DA:39,40
DA:40,40
DA:41,40
DA:42,40
DA:43,40
DA:44,40
DA:48,4
DA:56,4
DA:57,4
DA:58,4
DA:59,4
DA:61,2
DA:62,4
DA:65,2
DA:66,2
DA:68,4
DA:69,4
DA:71,2
DA:75,4
DA:76,4
DA:77,4
DA:78,4
DA:79,3
DA:83,4
DA:84,4
DA:85,4
DA:86,4
DA:87,4
DA:91,3
DA:94,3
DA:95,3
DA:96,3
DA:97,3
DA:102,5
DA:109,5
DA:110,5
DA:111,3
DA:112,3
DA:114,0
DA:116,0
DA:117,0
DA:120,0
DA:134,0
DA:136,3
DA:140,13
DA:142,13
DA:143,13
DA:145,13
DA:147,10
DA:148,7
DA:149,7
DA:150,7
DA:151,7
DA:153,7
DA:154,7
DA:155,4
DA:158,3
DA:161,7
DA:175,7
DA:178,3
DA:182,3
DA:183,3
DA:185,3
DA:186,1
DA:187,1
DA:190,3
DA:191,3
DA:193,3
DA:195,3
DA:199,4
DA:200,4
DA:201,4
DA:202,4
DA:206,0
DA:207,0
DA:208,0
DA:211,0
DA:217,0
DA:218,0
DA:220,0
DA:224,0
DA:241,2
LF:102
LH:83
BRDA:32,0,0,40
BRDA:59,1,0,2
BRDA:59,1,1,2
BRDA:59,2,0,4
BRDA:59,2,1,4
BRDA:116,3,0,0
BRDA:116,3,1,0
BRDA:124,4,0,0
BRDA:124,4,1,0
BRDA:127,5,0,0
BRDA:127,5,1,0
BRDA:132,6,0,0
BRDA:132,6,1,0
BRDA:147,7,0,7
BRDA:147,7,1,3
BRDA:148,8,0,7
BRDA:148,8,1,7
BRDA:149,9,0,7
BRDA:149,9,1,7
BRDA:154,10,0,4
BRDA:154,10,1,3
BRDA:154,11,0,7
BRDA:154,11,1,7
BRDA:185,12,0,1
BRDA:185,12,1,2
BRDA:185,13,0,3
BRDA:185,13,1,1
BRDA:206,14,0,0
BRDA:206,14,1,0
BRDA:207,15,0,0
BRDA:207,15,1,0
BRDA:207,16,0,0
BRDA:207,16,1,0
BRDA:207,16,2,0
BRF:34
BRH:19
end_of_record
TN:
SF:models/ProdutoPromocaoModel.js
FN:10,(anonymous_0)
FN:18,(anonymous_1)
FN:35,(anonymous_2)
FN:84,(anonymous_3)
FN:127,(anonymous_4)
FN:145,(anonymous_5)
FN:168,(anonymous_6)
FN:190,(anonymous_7)
FN:199,(anonymous_8)
FNF:9
FNH:2
FNDA:3,(anonymous_0)
FNDA:0,(anonymous_1)
FNDA:0,(anonymous_2)
FNDA:0,(anonymous_3)
FNDA:0,(anonymous_4)
FNDA:0,(anonymous_5)
FNDA:3,(anonymous_6)
FNDA:0,(anonymous_7)
FNDA:0,(anonymous_8)
DA:1,1
DA:2,1
DA:3,1
DA:4,1
DA:7,1
DA:11,3
DA:19,0
DA:20,0
DA:21,0
DA:22,0
DA:23,0
DA:24,0
DA:28,0
DA:36,0
DA:37,0
DA:38,0
DA:40,0
DA:41,0
DA:42,0
DA:44,0
DA:53,0
DA:56,0
DA:57,0
DA:59,0
DA:61,0
DA:65,0
DA:66,0
DA:67,0
DA:69,0
DA:70,0
DA:71,0
DA:73,0
DA:74,0
DA:76,0
DA:85,0
DA:92,0
DA:93,0
DA:94,0
DA:96,0
DA:97,0
DA:98,0
DA:110,0
DA:111,0
DA:112,0
DA:113,0
DA:114,0
DA:115,0
DA:116,0
DA:120,0
DA:128,0
DA:140,0
DA:141,0
DA:143,0
DA:145,0
DA:169,3
DA:173,3
DA:174,3
DA:176,3
DA:178,1
DA:191,0
DA:192,0
DA:193,0
DA:200,0
DA:214,0
DA:215,0
DA:216,0
DA:220,1
LF:67
LH:12
BRDA:20,0,0,0
BRDA:20,0,1,0
BRDA:23,1,0,0
BRDA:23,1,1,0
BRDA:23,2,0,0
BRDA:23,2,1,0
BRDA:23,2,2,0
BRDA:37,3,0,0
BRDA:37,3,1,0
BRDA:37,4,0,0
BRDA:37,4,1,0
BRDA:37,4,2,0
BRDA:59,5,0,0
BRDA:59,5,1,0
BRDA:59,6,0,0
BRDA:59,6,1,0
BRDA:66,7,0,0
BRDA:66,7,1,0
BRDA:73,8,0,0
BRDA:73,8,1,0
BRDA:94,9,0,0
BRDA:94,9,1,0
BRDA:94,10,0,0
BRDA:94,10,1,0
BRDA:105,11,0,0
BRDA:105,11,1,0
BRDA:111,12,0,0
BRDA:111,12,1,0
BRDA:120,13,0,0
BRDA:120,13,1,0
BRDA:143,14,0,0
BRDA:143,14,1,0
BRDA:143,15,0,0
BRDA:143,15,1,0
BRDA:176,16,0,2
BRDA:176,16,1,1
BRDA:176,17,0,3
BRDA:176,17,1,3
BRDA:216,18,0,0
BRDA:216,18,1,0
BRF:40
BRH:4
end_of_record
TN:
SF:tests/setup.js
FN:13,(anonymous_0)
FN:14,(anonymous_1)
FN:22,(anonymous_2)
FNF:3
FNH:3
FNDA:2,(anonymous_0)
FNDA:60,(anonymous_1)
FNDA:61,(anonymous_2)
DA:8,2
DA:9,2
DA:10,2
DA:13,2
DA:14,60
DA:22,2
DA:23,61
DA:24,61
DA:25,61
DA:28,2
LF:10
LH:10
BRF:0
BRH:0
end_of_record
